<?xml version="1.0" encoding="UTF-8" ?>
<!--  Use this one for deploying to JBoss -->
<persistence xmlns="http://java.sun.com/xml/ns/persistence"
             xmlns:xsi="http://www.w3.org/2001/XMLSchema-instance"
             xsi:schemaLocation="http://java.sun.com/xml/ns/persistence
	http://java.sun.com/xml/ns/persistence/persistence_1_0.xsd" version="1.0">

    <!-- JPA test "unit" -->
    <persistence-unit name="persistentUnit" transaction-type="JTA">
        <provider>org.hibernate.ejb.HibernatePersistence</provider>

        <class>org.kuali.student.r2.common.entity.BaseAttributeEntity</class>

        <class>org.kuali.student.r2.core.class1.atp.model.AtpEntity</class>
        <class>org.kuali.student.r2.core.class1.atp.model.AtpAttributeEntity</class>
        <class>org.kuali.student.r2.core.class1.atp.model.MilestoneEntity</class>
        <class>org.kuali.student.r2.core.class1.atp.model.MilestoneAttributeEntity</class>
        <class>org.kuali.student.r2.core.class1.atp.model.AtpMilestoneRelationEntity</class>

        <!-- Statement Persistence -->
        <class>org.kuali.student.r1.core.statement.entity.Statement</class>
        <class>org.kuali.student.r1.core.statement.entity.StatementAttribute</class>
        <class>org.kuali.student.r1.core.statement.entity.StatementRichText</class>
        <class>org.kuali.student.r1.core.statement.entity.StatementType</class>
        <class>org.kuali.student.r1.core.statement.entity.OrderedStatementType</class>
        <class>org.kuali.student.r1.core.statement.entity.StatementTypeAttribute</class>
        <class>org.kuali.student.r1.core.statement.entity.ReqComponent</class>
        <class>org.kuali.student.r1.core.statement.entity.ReqComponentField</class>
        <class>org.kuali.student.r1.core.statement.entity.ReqComponentFieldType</class>
        <class>org.kuali.student.r1.core.statement.entity.ReqComponentType</class>
        <class>org.kuali.student.r1.core.statement.entity.OrderedReqComponentType</class>
        <class>org.kuali.student.r1.core.statement.entity.ReqComponentTypeAttribute</class>
        <class>org.kuali.student.r1.core.statement.entity.ReqComponentTypeNLTemplate</class>
        <class>org.kuali.student.r1.core.statement.entity.RefStatementRelation</class>
        <class>org.kuali.student.r1.core.statement.entity.RefStatementRelationAttribute</class>
        <class>org.kuali.student.r1.core.statement.entity.RefStatementRelationType</class>
        <class>org.kuali.student.r1.core.statement.entity.RefStatementRelationTypeAttribute</class>
        <class>org.kuali.student.r1.core.statement.entity.ObjectType</class>
        <class>org.kuali.student.r1.core.statement.entity.ObjectTypeAttribute</class>
        <class>org.kuali.student.r1.core.statement.entity.ObjectSubType</class>
        <class>org.kuali.student.r1.core.statement.entity.ObjectSubTypeAttribute</class>
        <class>org.kuali.student.r1.core.statement.entity.NlUsageType</class>
        <class>org.kuali.student.r1.core.statement.entity.NlUsageTypeAttribute</class>

        <!-- Enumeration Persistence -->
        <class>org.kuali.student.r2.core.class1.enumerationmanagement.model.EnumerationEntity</class>
        <class>org.kuali.student.r2.core.class1.enumerationmanagement.model.EnumerationAttributeEntity</class>
        <class>org.kuali.student.r2.core.class1.enumerationmanagement.model.EnumeratedValueEntity</class>
        <class>org.kuali.student.r2.core.class1.enumerationmanagement.model.EnumContextValueEntity</class>

        <class>org.kuali.student.r2.common.class1.type.model.TypeEntity</class>
        <class>org.kuali.student.r2.common.class1.type.model.TypeAttributeEntity</class>
        <class>org.kuali.student.r2.common.class1.type.model.TypeTypeRelationEntity</class>
        <class>org.kuali.student.r2.common.class1.type.model.TypeTypeRelationAttributeEntity</class>

        <class>org.kuali.student.r2.core.population.model.PopulationEntity</class>
        <class>org.kuali.student.r2.core.population.model.PopulationAttributeEntity</class>


        <class>org.kuali.student.r1.common.entity.Type</class>
        <class>org.kuali.student.r1.common.entity.Attribute</class>
        <class>org.kuali.student.r1.common.entity.Meta</class>
        <class>org.kuali.student.r1.common.entity.MetaEntity</class>
        <class>org.kuali.student.r1.common.entity.RichText</class>
        <class>org.kuali.student.r1.common.entity.TimeAmount</class>
        <class>org.kuali.student.r1.common.entity.Amount</class>

        <!-- Lu Persistence -->
        <class>org.kuali.student.r2.lum.lu.entity.AffiliatedOrg</class>
        <class>org.kuali.student.r2.lum.lu.entity.Clu</class>
        <class>org.kuali.student.r2.lum.lu.entity.CluAcademicSubjectOrg</class>
        <class>org.kuali.student.r2.lum.lu.entity.CluAccounting</class>
        <class>org.kuali.student.r2.lum.lu.entity.CluAccountingAttribute</class>
        <class>org.kuali.student.r2.lum.lu.entity.CluAccreditation</class>
        <class>org.kuali.student.r2.lum.lu.entity.CluAccreditationAttribute</class>
        <class>org.kuali.student.r2.lum.lu.entity.CluAdminOrg</class>
        <class>org.kuali.student.r2.lum.lu.entity.CluAdminOrgAttribute</class>
        <class>org.kuali.student.r2.lum.lu.entity.CluAtpTypeKey</class>
        <class>org.kuali.student.r2.lum.lu.entity.CluAttribute</class>
        <class>org.kuali.student.r2.lum.lu.entity.CluCampusLocation</class>
        <class>org.kuali.student.r2.lum.lu.entity.CluCluRelation</class>
        <class>org.kuali.student.r2.lum.lu.entity.CluCluRelationAttribute</class>
        <class>org.kuali.student.r2.lum.lu.entity.CluFee</class>
        <class>org.kuali.student.r2.lum.lu.entity.CluFeeAmount</class>
        <class>org.kuali.student.r2.lum.lu.entity.CluFeeAttribute</class>
        <class>org.kuali.student.r2.lum.lu.entity.CluFeeRecord</class>
        <class>org.kuali.student.r2.lum.lu.entity.CluFeeRecordAttribute</class>
        <class>org.kuali.student.r2.lum.lu.entity.CluIdentifier</class>
        <class>org.kuali.student.r2.lum.lu.entity.CluIdentifierAttribute</class>
        <class>org.kuali.student.r2.lum.lu.entity.CluInstructor</class>
        <class>org.kuali.student.r2.lum.lu.entity.CluInstructorAttribute</class>
        <class>org.kuali.student.r2.lum.lu.entity.CluLoRelation</class>
        <class>org.kuali.student.r2.lum.lu.entity.CluLoRelationAttribute</class>
        <class>org.kuali.student.r2.lum.lu.entity.CluLoRelationType</class>
        <class>org.kuali.student.r2.lum.lu.entity.CluLoRelationTypeAttribute</class>

        <class>org.kuali.student.r2.lum.lu.entity.CluPublication</class>
        <class>org.kuali.student.r2.lum.lu.entity.CluPublicationAttribute</class>
        <class>org.kuali.student.r2.lum.lu.entity.CluPublicationType</class>
        <class>org.kuali.student.r2.lum.lu.entity.CluPublicationTypeAttribute</class>
        <class>org.kuali.student.r2.lum.lu.entity.CluPublicationVariant</class>

        <class>org.kuali.student.r2.lum.lu.entity.CluResult</class>
        <class>org.kuali.student.r2.lum.lu.entity.CluResultType</class>
        <class>org.kuali.student.r2.lum.lu.entity.CluResultTypeAttribute</class>
        <class>org.kuali.student.r2.lum.lu.entity.CluSet</class>
        <class>org.kuali.student.r2.lum.lu.entity.CluSetAttribute</class>
        <class>org.kuali.student.r2.lum.lu.entity.CluSetJoinVersionIndClu</class>
        <class>org.kuali.student.r2.lum.lu.entity.CluSetType</class>
        <class>org.kuali.student.r2.lum.lu.entity.CluSetTypeAttribute</class>
        <class>org.kuali.student.r2.lum.lu.entity.DeliveryMethodType</class>
        <class>org.kuali.student.r2.lum.lu.entity.DeliveryMethodTypeAttribute</class>
        <class>org.kuali.student.r2.lum.lu.entity.InstructionalFormatType</class>
        <class>org.kuali.student.r2.lum.lu.entity.InstructionalFormatTypeAttribute</class>
        <class>org.kuali.student.r2.lum.lu.entity.LuCode</class>
        <class>org.kuali.student.r2.lum.lu.entity.LuCodeAttribute</class>
        <class>org.kuali.student.r2.lum.lu.entity.LuCodeType</class>
        <class>org.kuali.student.r2.lum.lu.entity.LuCodeTypeAttribute</class>
        <class>org.kuali.student.r2.lum.lu.entity.LuLuRelationType</class>
        <class>org.kuali.student.r2.lum.lu.entity.LuLuRelationTypeAttribute</class>
        <class>org.kuali.student.r2.lum.lu.entity.LuPublicationType</class>
        <class>org.kuali.student.r2.lum.lu.entity.LuPublicationTypeAttribute</class>
        <class>org.kuali.student.r2.lum.lu.entity.LuRichText</class>
        <class>org.kuali.student.r2.lum.lu.entity.LuType</class>
        <class>org.kuali.student.r2.lum.lu.entity.LuTypeAttribute</class>
        <class>org.kuali.student.r2.lum.lu.entity.Resource</class>
        <class>org.kuali.student.r2.lum.lu.entity.ResultOption</class>
        <class>org.kuali.student.r2.lum.lu.entity.ResultUsageType</class>
        <class>org.kuali.student.r2.lum.lu.entity.ResultUsageTypeAttribute</class>
        <class>org.kuali.student.r2.lum.lu.entity.MembershipQuery</class>
        <class>org.kuali.student.r2.lum.lu.entity.SearchParameter</class>
        <class>org.kuali.student.r2.lum.lu.entity.SearchParameterValue</class>

        <!-- Org Persistence -->
        <class>org.kuali.student.r1.core.organization.entity.Org</class>
        <class>org.kuali.student.r1.core.organization.entity.OrgAttribute</class>
        <class>org.kuali.student.r1.core.organization.entity.OrgHierarchy</class>
        <class>org.kuali.student.r1.core.organization.entity.OrgHierarchyAttribute</class>
        <class>org.kuali.student.r1.core.organization.entity.OrgOrgRelation</class>
        <class>org.kuali.student.r1.core.organization.entity.OrgOrgRelationAttribute</class>
        <class>org.kuali.student.r1.core.organization.entity.OrgOrgRelationType</class>
        <class>org.kuali.student.r1.core.organization.entity.OrgOrgRelationTypeAttribute</class>
        <class>org.kuali.student.r1.core.organization.entity.OrgPersonRelation</class>
        <class>org.kuali.student.r1.core.organization.entity.OrgPersonRelationAttribute</class>
        <class>org.kuali.student.r1.core.organization.entity.OrgPersonRelationType</class>
        <class>org.kuali.student.r1.core.organization.entity.OrgPersonRelationTypeAttribute</class>
        <class>org.kuali.student.r1.core.organization.entity.OrgPositionRestriction</class>
        <class>org.kuali.student.r1.core.organization.entity.OrgPositionRestrictionAttribute</class>
        <class>org.kuali.student.r1.core.organization.entity.OrgType</class>
        <class>org.kuali.student.r1.core.organization.entity.OrgTypeAttribute</class>

        <!-- Lo Persistence -->
        <class>org.kuali.student.r2.common.entity.MetaEntity</class>
        <class>org.kuali.student.r2.lum.lo.entity.LoRichText</class>
        <class>org.kuali.student.r2.lum.lo.entity.Lo</class>
        <class>org.kuali.student.r2.lum.lo.entity.LoAttribute</class>
        <class>org.kuali.student.r2.lum.lo.entity.LoCategory</class>
        <class>org.kuali.student.r2.lum.lo.entity.LoCategoryAttribute</class>
        <class>org.kuali.student.r2.lum.lo.entity.LoCategoryType</class>
        <class>org.kuali.student.r2.lum.lo.entity.LoCategoryTypeAttribute</class>
        <class>org.kuali.student.r2.lum.lo.entity.LoLoCategoryJoin</class>
        <class>org.kuali.student.r2.lum.lo.entity.LoRepository</class>
        <class>org.kuali.student.r2.lum.lo.entity.LoRepositoryAttribute</class>
        <class>org.kuali.student.r2.lum.lo.entity.LoType</class>
        <class>org.kuali.student.r2.lum.lo.entity.LoTypeAttribute</class>
        <class>org.kuali.student.r2.lum.lo.entity.LoLoRelation</class>
        <class>org.kuali.student.r2.lum.lo.entity.LoLoRelationAttribute</class>
        <class>org.kuali.student.r2.lum.lo.entity.LoLoRelationType</class>
        <class>org.kuali.student.r2.lum.lo.entity.LoLoRelationTypeAttribute</class>
        <class>org.kuali.student.r2.lum.lo.entity.AllowedLoLoRelationType</class>

        <!-- Lrc Persistence -->
        <class>org.kuali.student.r2.lum.lrc.model.ResultScaleAttributeEntity</class>
        <class>org.kuali.student.r2.lum.lrc.model.ResultScaleEntity</class>
        <class>org.kuali.student.r2.lum.lrc.model.ResultValueAttributeEntity</class>
        <class>org.kuali.student.r2.lum.lrc.model.ResultValueEntity</class>
        <class>org.kuali.student.r2.lum.lrc.model.ResultValuesGroupAttributeEntity</class>
        <class>org.kuali.student.r2.lum.lrc.model.ResultValuesGroupEntity</class>

        <exclude-unlisted-classes>true</exclude-unlisted-classes>

        <properties>
            <property name="hibernate.connection.driver_class" value="org.hsqldb.jdbcDriver"/>
            <property name="hibernate.connection.url" value="jdbc:hsqldb:mem:test"/>
            <property name="hibernate.connection.username" value="sa"/>
            <property name="hibernate.connection.password" value=""/>
            <property name="hibernate.connection.pool_size" value="2"/>
            <property name="hibernate.dialect" value="org.hibernate.dialect.HSQLDialect"/>
            <property name="hiberante.cache_provider" value="org.hibernate.cache.NoCacheProvider"/>

            <property name="hibernate.hbm2ddl.auto" value="create-drop"/>
        </properties>
    </persistence-unit>


</persistence>
