<?xml version="1.0" encoding="UTF-8"?>
<beans xmlns="http://www.springframework.org/schema/beans"
       xmlns:xsi="http://www.w3.org/2001/XMLSchema-instance"
       xsi:schemaLocation="http://www.springframework.org/schema/beans http://www.springframework.org/schema/beans/spring-beans.xsd">

    <import resource="classpath:ks-test-system-property-configurer.xml"/>
    <import resource="classpath:META-INF/default-property-config-context-test.xml"/>
    <bean class="org.kuali.student.r2.common.datadictionary.DataDictionaryWithFakeEnvironment" init-method="init"/>
    <bean id="allDictionaryFileLocations" class="java.util.ArrayList">
        <constructor-arg>
            <list/>
        </constructor-arg>
    </bean>
    <bean id="krad-uif-dictionary-file-locations" class="java.util.ArrayList">
        <constructor-arg>
            <list/>
        </constructor-arg>
    </bean>
</beans>
