<?xml version="1.0" encoding="UTF-8"?>
<!--

    Copyright 2010 The Kuali Foundation Licensed under the
    Educational Community License, Version 2.0 (the "License"); you may
    not use this file except in compliance with the License. You may
    obtain a copy of the License at

    http://www.osedu.org/licenses/ECL-2.0

    Unless required by applicable law or agreed to in writing,
    software distributed under the License is distributed on an "AS IS"
    BASIS, WITHOUT WARRANTIES OR CONDITIONS OF ANY KIND, either express
    or implied. See the License for the specific language governing
    permissions and limitations under the License.

-->

<beans xmlns="http://www.springframework.org/schema/beans"
    xmlns:xsi="http://www.w3.org/2001/XMLSchema-instance"
    xmlns:simple="http://cxf.apache.org/simple"
    xmlns:p="http://www.springframework.org/schema/p"
    xmlns:aop="http://www.springframework.org/schema/aop"
    xmlns:beans="http://www.springframework.org/schema/beans"
    xmlns:context="http://www.springframework.org/schema/context"
    xmlns:jdbc="http://www.springframework.org/schema/jdbc"
    xmlns:jee="http://www.springframework.org/schema/jee"
    xmlns:jms="http://www.springframework.org/schema/jms"
    xmlns:lang="http://www.springframework.org/schema/lang"
    xmlns:mvc="http://www.springframework.org/schema/mvc"
    xmlns:oxm="http://www.springframework.org/schema/oxm"
    xmlns:task="http://www.springframework.org/schema/task"
    xmlns:tx="http://www.springframework.org/schema/tx"
    xmlns:util="http://www.springframework.org/schema/util"
    xsi:schemaLocation="http://www.springframework.org/schema/aop
                           http://www.springframework.org/schema/aop/spring-aop-3.0.xsd
                           http://www.springframework.org/schema/beans
                           http://www.springframework.org/schema/beans/spring-beans-3.0.xsd
                           http://www.springframework.org/schema/context
                           http://www.springframework.org/schema/context/spring-context-3.0.xsd
                           http://www.springframework.org/schema/jdbc
                           http://www.springframework.org/schema/jdbc/spring-jdbc-3.0.xsd
                           http://www.springframework.org/schema/jee
                           http://www.springframework.org/schema/jee/spring-jee-3.0.xsd
                           http://www.springframework.org/schema/jms
                           http://www.springframework.org/schema/jms/spring-jms-3.0.xsd
                           http://www.springframework.org/schema/lang
                           http://www.springframework.org/schema/lang/spring-lang-3.0.xsd
                           http://www.springframework.org/schema/mvc
                           http://www.springframework.org/schema/mvc/spring-mvc-3.0.xsd
                           http://www.springframework.org/schema/oxm
                           http://www.springframework.org/schema/oxm/spring-oxm-3.0.xsd
                           http://www.springframework.org/schema/task
                           http://www.springframework.org/schema/task/spring-task-3.0.xsd
                           http://www.springframework.org/schema/tx
                           http://www.springframework.org/schema/tx/spring-tx-3.0.xsd
                           http://www.springframework.org/schema/util
                           http://www.springframework.org/schema/util/spring-util-3.0.xsd">



    <bean id="config" class="org.kuali.rice.student.core.config.spring.RiceConfigFactoryBean"/>

  
	<!-- GWT Servlets -->
	<bean id="LuRpcGwtServlet"
		class="org.kuali.student.lum.lu.ui.course.server.gwt.LuRpcGwtServlet">
		<property name="service" ref="cluClient" />
	</bean>

	<bean id="CluProposalRpcGwtServlet"
		class="org.kuali.student.lum.lu.ui.course.server.gwt.old.CreditCourseProposalRpcGwtServlet">
		<property name="assembler" ref="creditCourseProposalAssemblerFilterManager"/>
		<property name="simpleDocService" ref="simpleDocActionsClient" />
		<property name="workflowUtilityService" ref="workflowUtilityClient" />
		<property name="permissionService" ref="permissionServiceClient" />
		<property name="modifyCourseManager" ref="modifyCreditCourseProposalManager"/>
	</bean>
	
	<bean id="modifyCreditCourseProposalManager" class="org.kuali.student.lum.lu.assembly.ModifyCreditCourseProposalManager">
		<property name="creditCourseAssembler" ref="courseAssembler"/>
		<property name="cluService" ref="cluClient"/>
		<property name="statementService" ref="statementServiceClient"/>
	</bean>
	
	<bean id="baseAssembler" abstract="true" class="org.kuali.student.common.assembly.old.BaseAssembler">
		<property name="permissionService" ref="permissionServiceClient" />
		<property name="metadataService" ref="metadataServiceImpl" />
		<property name="namespace" value="KS-SYS" />
	</bean>

	<bean id="creditCourseProposalAssembler" class="org.kuali.student.lum.lu.assembly.CreditCourseProposalAssembler" parent="baseAssembler">
		<constructor-arg value="draft"/>
		<property name="learningObjectiveService" ref="loClient"/>
		<property name="cluService" ref="cluClient"/>
		<property name="statementService" ref="statementServiceClient"/>
		<property name="proposalService" ref="proposalClient"/>
		<property name="orgService" ref="orgClient"/>
		<property name="courseAssembler" ref="courseAssembler" />
		<property name="atpService" ref="atpClient"/>
	</bean>


	<!-- Metadata lookup service -->
	<bean id="metadataServiceImpl" class="org.kuali.student.common.assembly.dictionary.old.MetadataServiceImpl">
        <constructor-arg value="classpath:lum-orchestration-dictionary.xml" />
        <constructor-arg>
        	<list>
        		<ref bean="cluClient"/>
        		<ref bean="commentClient"/>
        	</list>
        </constructor-arg>
	</bean>


	<!-- This filter takes care of creating/updated a workflow doc whenever the assembler saves data -->
	<bean id="workflowAssemblerFilter" class="org.kuali.student.lum.lu.assembly.CreditCourseProposalWorkflowAssemblerFilter">
		<property name="simpleDocService" ref="simpleDocActionsClient" />
		<property name="workflowUtilityService" ref="workflowUtilityClient" />
	</bean>
	<bean id="creditCourseProposalAssemblerFilter" class="org.kuali.student.lum.lu.assembly.CreditCourseProposalAssemblerFilter">
	</bean>

	<!-- Filter manager that targets the credit course proposal assembler -->
	<bean id="creditCourseProposalAssemblerFilterManager" class="org.kuali.student.r1.common.assembly.old.AssemblerFilterManager">
		<constructor-arg ref="creditCourseProposalAssembler"/>
		<property name="filters">
			<list>
				<ref bean="workflowAssemblerFilter"/>
				<ref bean="creditCourseProposalAssemblerFilter" />
			</list>
		</property>
	</bean>

	<bean id="courseAssembler" class="org.kuali.student.lum.lu.assembly.CourseAssembler" parent="baseAssembler">
		<property name="loService" ref="loClient"/>
		<property name="cluService" ref="cluClient"/>
		<property name="statementService" ref="statementServiceClient"/>
		<property name="orgService" ref="orgClient"/>
		<property name="atpService" ref="atpClient"/>
	</bean>

	<bean id="CourseRpcGwtServlet"
		class="org.kuali.student.lum.lu.ui.course.server.gwt.old.CourseRpcGwtServlet">
		<property name="assembler" ref="courseAssemblerFilterManager"/>
	</bean>

	<bean id="courseAssemblerFilterManager" class="org.kuali.student.r1.common.assembly.old.AssemblerFilterManager">
		<constructor-arg ref="courseAssembler"/>
	</bean>

	<bean id="ServerPropertiesServlet"
		class="org.kuali.student.common.ui.server.gwt.ServerPropertiesRpcGwtServlet">
	</bean>

	<bean id="messagesServiceGwt"
		class="org.kuali.student.common.ui.server.gwt.MessagesRpcGwtServlet">
		<property name="serviceImpl" ref="messageClient" />
	</bean>

	<bean id="CommentRpcGwtServlet"
		class="org.kuali.student.common.ui.server.gwt.CommentRpcGwtServlet">
		<property name="service" ref="commentClient" />
		<property name="permissionService" ref="permissionServiceClient" />
	</bean>

	<bean id="ProposalRpcGwtServlet"
		class="org.kuali.student.common.proposal.ui.server.gwt.ProposalRpcGwtServlet">
		<property name="service" ref="proposalClient" />
	</bean>

	<bean id="DocumentRpcGwtServlet"
		class="org.kuali.student.common.ui.server.gwt.DocumentRpcGwtServlet">
		<property name="service" ref="documentService" />
		<property name="permissionService" ref="permissionServiceClient" />
	</bean>

	<bean id="OrgRpcGwtServlet"
		class="org.kuali.student.common.organization.ui.server.gwt.OrgRpcGwtServlet">
		<property name="service" ref="orgClient" />
	</bean>

	<bean id="atpRpcGwtServlet"
		class="org.kuali.student.common.atp.ui.server.AtpRpcGwtServlet">
		<property name="service" ref="atpClient" />
	</bean>

	<bean id="LoCategoryRpcGwtServlet"
		class="org.kuali.student.lum.lu.ui.course.server.gwt.LoCategoryRpcGwtServlet">
		<property name="service" ref="loClient" />
	</bean>

	<bean id="SecurityGwtServlet"
		class="org.kuali.student.common.ui.server.gwt.SecurityRpcGwtServlet">
	</bean>

	<bean id="documentUpload" class="org.kuali.student.common.ui.server.upload.UploadServlet">
		<property name="documentService" ref="documentService"/>
		<property name="relationService" ref="relationService"/>
	</bean>

	<bean id="uploadStatusRpcGwtServlet" class="org.kuali.student.common.ui.server.gwt.UploadStatusRpcGwtServlet">
	</bean>

	<bean id="documentRelationMockRpcGwtServlet" class="org.kuali.student.common.ui.server.gwt.DocumentRelationMockRpcGwtServlet">
		<property name="service" ref="relationService"/>
	</bean>

	<bean id="SearchDispatchRpcGwtServlet" class="org.kuali.student.common.ui.server.gwt.SearchDispatchRpcGwtServlet">
		<constructor-arg>
	      <list>
	        <ref bean="cluClient"/>
	        <ref bean="loClient"/>
	        <ref bean="orgClient"/>
	      	<ref bean="atpClient"/>
	        <ref bean="personSearchClient"/>
	      </list>
		</constructor-arg>
	</bean>

	<!-- Service clients -->
	<bean id="cluClient" class="org.kuali.student.common.ws.beans.JaxWsClientFactoryBean">
		<property name="wsdlLocation" value="http://localhost:8081/ks-with-rice-bundled-dev/services/CluService?wsdl"/>
		<property name="serviceQNameString" value="{http://student.kuali.org/wsdl/clu}CluService"/>
		<property name="serviceEndpointInterface" value="org.kuali.student.r2.lum.clu.service.CluService"/>
	</bean>
	
	<bean id="commentClient" class="org.kuali.student.common.ws.beans.JaxWsClientFactoryBean">
		<property name="wsdlLocation" value="http://localhost:8081/ks-with-rice-bundled-dev/services/CommentService?wsdl"/>
		<property name="serviceEndpointInterface" value="org.kuali.student.common.comment.service.CommentService" />
		<property name="serviceQNameString" value="{http://student.kuali.org/wsdl/comment}CommentService" />
	</bean>

	<bean id="statementServiceClient" class="org.kuali.student.common.ws.beans.JaxWsClientFactoryBean">
		<property name="wsdlLocation" value="http://localhost:8081/ks-with-rice-bundled-dev/services/StatementService?wsdl"/>
		<property name="serviceEndpointInterface" value="org.kuali.student.common.statement.service.StatementService" />
		<property name="serviceQNameString" value="{http://student.kuali.org/wsdl/statement}StatementService" />
	</bean>

	<bean id="orgClient" class="org.kuali.student.common.ws.beans.JaxWsClientFactoryBean">
		<property name="wsdlLocation" value="http://localhost:8081/ks-with-rice-bundled-dev/services/OrganizationService?wsdl"/>
		<property name="serviceEndpointInterface" value="org.kuali.student.common.organization.service.OrganizationService" />
		<property name="serviceQNameString" value="{http://student.kuali.org/wsdl/organization}OrganizationService" />
	</bean>

	<bean id="atpClient" class="org.kuali.student.common.ws.beans.JaxWsClientFactoryBean">
		<property name="wsdlLocation" value="http://localhost:8081/ks-with-rice-bundled-dev/services/AtpService?wsdl"/>
		<property name="serviceEndpointInterface" value="org.kuali.student.common.atp.service.AtpService" />
		<property name="serviceQNameString" value="{http://student.kuali.org/wsdl/atp}AtpService" />
	</bean>

    <bean id="personSearchClient" class="org.kuali.student.common.ws.beans.JaxWsClientFactoryBean">
		<property name="wsdlLocation" value="http://localhost:8081/ks-with-rice-bundled-dev/services/personsearchService?wsdl"/>
        <property name="serviceEndpointInterface" value="org.kuali.student.r2.core.search.service.SearchService" />
        <property name="serviceQNameString" value="{http://student.kuali.org/wsdl/personsearch}personsearchService" />
    </bean>

	<bean id="messageClient" class="org.kuali.student.common.ws.beans.JaxWsClientFactoryBean">
		<property name="wsdlLocation" value="http://localhost:8081/ks-with-rice-bundled-dev/services/MessageService?wsdl"/>
		<property name="serviceEndpointInterface" value="org.kuali.student.r2.common.messages.service.MessageService" />
		<property name="serviceQNameString" value="{http://student.kuali.org/wsdl/message}MessageService" />
	</bean>

	<bean id="proposalClient" class="org.kuali.student.common.ws.beans.JaxWsClientFactoryBean">
		<property name="wsdlLocation" value="http://localhost:8081/ks-with-rice-bundled-dev/services/ProposalService?wsdl"/>
		<property name="serviceEndpointInterface" value="org.kuali.student.common.proposal.service.ProposalService" />
		<property name="serviceQNameString" value="{http://student.kuali.org/wsdl/proposal}ProposalService" />
	</bean>

	<bean id="loClient" class="org.kuali.student.common.ws.beans.JaxWsClientFactoryBean">
		<property name="wsdlLocation" value="http://localhost:8081/ks-with-rice-bundled-dev/services/LearningObjectiveService?wsdl"/>
		<property name="serviceEndpointInterface" value="org.kuali.student.r2.lum.lo.service.LearningObjectiveService" />
		<property name="serviceQNameString" value="{http://student.kuali.org/wsdl/lo}LearningObjectiveService" />
	</bean>

	<bean id="workflowUtilityClient" class="org.kuali.student.common.ws.beans.JaxWsClientFactoryBean">
		<property name="wsdlLocation" value="http://localhost:8081/ks-with-rice-bundled-dev/services/WorkflowUtilityServiceSOAP?wsdl"/>
		<property name="serviceEndpointInterface" value="org.kuali.rice.kew.service.WorkflowUtility" />
		<property name="serviceQNameString" value="{http://rice.kuali.org/wsdl/kew}WorkflowUtilityServiceSOAP" />
	</bean>

	<bean id="simpleDocActionsClient" class="org.kuali.student.common.ws.beans.JaxWsClientFactoryBean">
		<property name="wsdlLocation" value="http://localhost:8081/ks-with-rice-bundled-dev/services/simpleDocumentActionsService?wsdl"/>
		<property name="serviceEndpointInterface" value="org.kuali.rice.kew.webservice.SimpleDocumentActionsWebService" />
		<property name="serviceQNameString" value="{http://rice.kuali.org/wsdl/kew}simpleDocumentActionsService" />
	</bean>

	<bean id="documentService" class="org.kuali.student.common.ws.beans.JaxWsClientFactoryBean">
		<property name="wsdlLocation" value="http://localhost:8081/ks-with-rice-bundled-dev/services/DocumentService?wsdl"/>
		<property name="serviceEndpointInterface" value="org.kuali.student.common.document.service.DocumentService" />
		<property name="serviceQNameString" value="{http://student.kuali.org/wsdl/document}DocumentService" />
	</bean>

	<bean id="relationService" class="org.kuali.student.common.ws.beans.JaxWsClientFactoryBean">
		<property name="wsdlLocation" value="http://localhost:8081/ks-with-rice-bundled-dev/services/DocumentRelationService?wsdl"/>
		<property name="serviceEndpointInterface" value="org.kuali.student.common.mock.service.DocumentRelationService" />
		<property name="serviceQNameString" value="{http://student.kuali.org/wsdl/documentRelation}DocumentRelationService" />
	</bean>

	<bean id="permissionServiceClient" class="org.kuali.student.common.test.mock.MockProxyFactoryBean">
		<property name="interfaceClass" value="org.kuali.rice.kim.service.PermissionService" />
		<property name="methodReturnMap">
			<map>
				<entry key="isAuthorizedByTemplateName">
					<bean class="java.lang.Boolean">
						<constructor-arg value="true"/>
					</bean>
				</entry>
			</map>
		</property>
	</bean>

	<!--<bean id="permissionServiceClient" class="org.kuali.student.common.ws.beans.JaxWsClientFactoryBean">
		<property name="wsdlLocation" value="http://localhost:8081/ks-with-rice-bundled-dev/services/kimPermissionServiceUnsecure?wsdl"/>
		<property name="serviceEndpointInterface" value="org.kuali.rice.kim.service.PermissionService" />
		<property name="serviceQNameString" value="{KIM}kimPermissionServiceUnsecure" />
	</bean>-->

</beans>
