<?xml version="1.0" encoding="UTF-8"?>
<!--

    Copyright 2010 The Kuali Foundation Licensed under the
    Educational Community License, Version 2.0 (the "License"); you may
    not use this file except in compliance with the License. You may
    obtain a copy of the License at

    http://www.osedu.org/licenses/ECL-2.0

    Unless required by applicable law or agreed to in writing,
    software distributed under the License is distributed on an "AS IS"
    BASIS, WITHOUT WARRANTIES OR CONDITIONS OF ANY KIND, either express
    or implied. See the License for the specific language governing
    permissions and limitations under the License.

-->

<beans xmlns="http://www.springframework.org/schema/beans"
	xmlns:xsi="http://www.w3.org/2001/XMLSchema-instance" xmlns:aop="http://www.springframework.org/schema/aop"
	xsi:schemaLocation="
          http://www.springframework.org/schema/aop http://www.springframework.org/schema/aop/spring-aop-3.0.xsd
		  http://www.springframework.org/schema/beans http://www.springframework.org/schema/beans/spring-beans-3.0.xsd">

	<bean id="methodCacheAdvisor"
		class="org.kuali.student.common.test.spring.IdToObjectEhcacheAdvice">
		<property name="cacheName" value="defaultCache" />
	</bean>

	<aop:config>
		<aop:aspect id="aroundServiceCall" ref="methodCacheAdvisor">
			<aop:around
				pointcut="execution(* org.kuali.student.common_test_tester.support.MyService.find*(..))"
				method="getFromCache" />
			<aop:around
				pointcut="execution(* org.kuali.student.common_test_tester.support.MyService.update*(..))"
				method="invalidateCache" />
		</aop:aspect>
	</aop:config>

	<bean id="myClass" class="org.kuali.student.common_test_tester.support.SomeClass"
		>
		<property name="number">
			<value>12</value>
		</property>
	</bean>
</beans>