<?xml version="1.0" encoding="UTF-8"?>
<!--

    Copyright 2010 The Kuali Foundation Licensed under the
    Educational Community License, Version 2.0 (the "License"); you may
    not use this file except in compliance with the License. You may
    obtain a copy of the License at

    http://www.osedu.org/licenses/ECL-2.0

    Unless required by applicable law or agreed to in writing,
    software distributed under the License is distributed on an "AS IS"
    BASIS, WITHOUT WARRANTIES OR CONDITIONS OF ANY KIND, either express
    or implied. See the License for the specific language governing
    permissions and limitations under the License.

-->

<!-- THIS SHOULD BE REMOVED ONCE OLD METADATASERVICE IS REMOVED  -->
<beans xmlns="http://www.springframework.org/schema/beans"
	xmlns:xsi="http://www.w3.org/2001/XMLSchema-instance" xmlns:p="http://www.springframework.org/schema/p"
	xsi:schemaLocation="http://www.springframework.org/schema/beans http://www.springframework.org/schema/beans/spring-beans-2.5.xsd">
	
	<bean id="constraint" abstract="true"
		class="org.kuali.student.r1.common.assembly.data.ConstraintMetadata" />
	<bean id="lookup" abstract="true"
		class="org.kuali.student.r1.common.assembly.data.LookupMetadata" />
	<bean id="dataObjectStructure" abstract="true"
		class="org.kuali.student.r1.common.assembly.dictionary.old.DataObjectStructure" />
	<bean id="dataFieldDescriptor" abstract="true"
		class="org.kuali.student.r1.common.assembly.dictionary.old.DataFieldDescriptor" />
	<bean id="param" abstract="true"
		class="org.kuali.student.r1.common.assembly.data.LookupParamMetadata" />
	<bean id="result" abstract="true"
		class="org.kuali.student.r1.common.assembly.data.LookupResultMetadata" />
	<bean id="lookupQos" abstract="true"
		class="org.kuali.student.r1.common.assembly.data.LookupQosMetadata" />
	
	<bean id="constraint.atp.types" parent="constraint">
		<property name="id" value="atp.types" />
		<!--<property name="messageId" value="kuali.msg.validation.not.in.enumerated.list" />-->
		<property name="desc" value="In list of configured  time period types" />
		<property name="serverSide" value="false" />
		<property name="minLength" value="1" />
		<property name="maxLength" value="60" />
	</bean>
	<bean id="constraint.available.course.numbers" parent="constraint">
		<property name="id" value="available.course.numbers" />
		<!--<property name="messageId" value="kuali.msg.validation.not.an.enumerated.list" />-->
		<property name="desc"
			value="In list of configured available course numbers" />
		<property name="serverSide" value="false" />
		<property name="minLength" value="3" />
		<property name="maxLength" value="3" />
		<property name="validChars" value="regex:[0-9]*" />
	</bean>
	<bean id="constraint.calc.authenicated.principalId" parent="constraint">
		<property name="id" value="calc.authenicated.principalId" />
		<property name="desc"
			value="Sets a field to the currently authenticated user" />
		<property name="serverSide" value="true" />
		<property name="comments"
			value="How do we know who the real user is when a service calls another service?" />
		<property name="specialValidator"
			value="org.kuali.student.r1.common.auth.calculation.AuthenticatedPrincipalCalculator" />
	</bean>
	<bean id="constraint.calc.copy.course.official.numberPart" parent="constraint">
		<property name="id" value="calc.copy.course.official.numberPart" />
		<property name="desc"
			value="Same value as the value of the course.official.numberPart field" />
		<property name="serverSide" value="true" />
		<property name="comments"
			value="Not sure how to implement this copy operation or invoke it every time the official course no gets updated" />
		<property name="specialValidator"
			value="org.kuali.student.lum.lu.calculation.CopyOfficialCourseNumberPartCalculator" />
	</bean>
	<bean id="constraint.calc.copy.course.official.subjectArea"
		parent="constraint">
		<property name="id" value="calc.copy.course.official.subjectArea" />
		<property name="desc"
			value="Same value as the value of the course.official.subjectArea field" />
		<property name="serverSide" value="true" />
		<property name="comments"
			value="Not sure how to implement this copy operation or invoke it every time the official course no gets updated" />
		<property name="specialValidator"
			value="org.kuali.student.lum.lu.calculation.CopyOfficialCourseSubjectAreaCalculator" />
	</bean>
	<bean id="constraint.calc.meta.versionInd" parent="constraint">
		<property name="id" value="calc.meta.versionInd" />
		<property name="desc"
			value="Calculates the version indicator that is used for optimistic locking" />
		<property name="serverSide" value="true" />
		<property name="comments"
			value="This could be as simple as a nano-second date-time stamp of the last update or a sequence number of the object that gets incremented on each update or some other more complex computation." />
		<property name="specialValidator"
			value="org.kuali.student.r1.common.calculationVersionIndCalculator" />
	</bean>
	<bean id="constraint.calc.now" parent="constraint">
		<property name="id" value="calc.now" />
		<property name="desc" value="Sets a field to the current time" />
		<property name="serverSide" value="true" />
		<property name="comments" value="Worry about timezone issues" />
		<property name="specialValidator"
			value="org.kuali.student.r1.common.calculation.NowCalculator" />
	</bean>
	<bean id="constraint.code" parent="constraint">
		<property name="id" value="code" />
		<!--<property name="messageId" value="kuali.msg.validation.code" />-->
		<property name="desc" value="Alphanumeric code, hypen and period." />
		<property name="serverSide" value="false" />
		<property name="minLength" value="1" />
		<property name="maxLength" value="60" />
		<property name="validChars" value="regex:[A-Za-z0-9.-]*" />
	</bean>
	<bean id="constraint.code.uppercase" parent="constraint">
		<property name="id" value="code.uppercase" />
		<!--<property name="messageId" value="kuali.msg.validation.uppercase" />-->
		<property name="desc"
			value="uppercase alphanumeric code, hypen and period." />
		<property name="serverSide" value="false" />
		<property name="minLength" value="1" />
		<property name="maxLength" value="60" />
		<property name="validChars" value="regex:[A-Z0-9.-]*" />
	</bean>
	<bean id="constraint.course.proposal.types" parent="constraint">
		<property name="id" value="course.proposal.types" />
		<!--<property name="messageId" value="kuali.msg.validation.not.in.enumerated.list" />-->
		<property name="desc"
			value="In a list of configured course proposal types" />
		<property name="serverSide" value="false" />
		<property name="minLength" value="1" />
		<property name="maxLength" value="60" />
		<property name="comments" value="TO DO: add to SimpleS" />
	</bean>
	<bean id="constraint.date.time" parent="constraint">
		<property name="id" value="date.time" />
		<!--<property name="messageId" value="kuali.msg.validation.date.time" />-->
		<property name="desc" value="Date-Time" />
		<property name="serverSide" value="false" />
		<property name="minLength" value="19" />
		<property name="maxLength" value="19" />
		<property name="comments"
			value="http://regexlib.com/REDetails.aspx?regexp_id=1966 (but not sure)" />
	</bean>
	<bean id="constraint.decimal" parent="constraint">
		<property name="id" value="decimal" />
		<!--<property name="messageId" value="kuali.msg.validation.decimal" />-->
		<property name="desc" value="decimal number" />
		<property name="serverSide" value="false" />
		<property name="minLength" value="1" />
		<property name="maxLength" value="10" />
		<property name="validChars" value="regex:^[-+]?\d+(\.\d+)?$" />
		<property name="comments"
			value="http://regexlib.com/REDetails.aspx?regexp_id=117" />
	</bean>
	<bean id="constraint.default.authenicated.principalId" parent="constraint">
		<property name="id" value="default.authenicated.principalId" />
		<property name="desc" value="Defaults to the currently authenticated user" />
		<property name="serverSide" value="true" />
		<property name="comments"
			value="How do we know who the real user is when a service calls another service?" />
	</bean>
	<bean id="constraint.default.now" parent="constraint">
		<property name="id" value="default.now" />
		<property name="desc" value="Defaults to NOW, when the object is created" />
		<property name="serverSide" value="true" />
		<property name="comments" value="Not sure how to implement defaults" />
	</bean>
	<bean id="constraint.default.today" parent="constraint">
		<property name="id" value="default.today" />
		<property name="desc"
			value="Defaults to TODAY, when the object is created" />
		<property name="serverSide" value="true" />
		<property name="comments" value="Not sure how to implement defaults" />
	</bean>
	<bean id="constraint.duration.types" parent="constraint">
		<property name="id" value="duration.types" />
		<!--<property name="messageId" value="kuali.msg.validation.not.in.enumerated.list" />-->
		<property name="desc" value="In list of configured duration types" />
		<property name="serverSide" value="false" />
		<property name="minLength" value="1" />
		<property name="maxLength" value="60" />
	</bean>
	<bean id="constraint.hard.coded.co-located" parent="constraint">
		<property name="id" value="hard.coded.co-located" />
		<!--<property name="messageId" value="kuali.msg.validation.hard.coded" />-->
		<property name="desc"
			value="Must be &#34;kuali.lu.relation.type.co-located&#34;" />
		<property name="serverSide" value="true" />
		<property name="validChars" value="regex:kuali\.lu\.relation\.type\.co-located" />
		<property name="specialValidator"
			value="org.kuali.student.r1.common.calculation.HardCodedValueCalculator" />
	</bean>
	<bean id="constraint.hard.coded.cross-listed" parent="constraint">
		<property name="id" value="hard.coded.cross-listed" />
		<!--<property name="messageId" value="kuali.msg.validation.hard.coded" />-->
		<property name="desc"
			value="Must be &#34;kuali.lu.type.CreditCourse.identifier.cross-listed&#34;" />
		<property name="serverSide" value="true" />
		<property name="validChars"
			value="regex:kuali\.lu\.type\.CreditCourse\.identifier\.cross-listed" />
		<property name="specialValidator"
			value="org.kuali.student.r1.common.calculation.HardCodedValueCalculator" />
	</bean>
	<bean id="constraint.hard.coded.lolorealtion.includes" parent="constraint">
		<property name="id" value="hard.coded.lolorealtion.includes" />
		<!--<property name="messageId" value="kuali.msg.validation.hard.coded" />-->
		<property name="desc"
			value="Must be &#34;kuali.lo.lo.relation.type.includes&#34;" />
		<property name="serverSide" value="true" />
		<property name="validChars"
			value="regex:kulai\.lo\.lo\.relation\.type\.includes" />
		<property name="specialValidator"
			value="org.kuali.student.r1.common.calculation.HardCodedValueCalculator" />
	</bean>
	<bean id="constraint.hard.coded.lulorealtion.includes" parent="constraint">
		<property name="id" value="hard.coded.lulorealtion.includes" />
		<!--<property name="messageId" value="kuali.msg.validation.hard.coded" />-->
		<property name="desc"
			value="Must be &#34;kuali.lu.lo.relation.type.includes&#34;" />
		<property name="serverSide" value="true" />
		<property name="validChars"
			value="regex:kulai\.lu\.lo\.relation\.type\.includes" />
		<property name="specialValidator"
			value="org.kuali.student.r1.common.calculation.HardCodedValueCalculator" />
	</bean>
	<bean id="constraint.hard.coded.one" parent="constraint">
		<property name="id" value="hard.coded.one" />
		<!--<property name="messageId" value="kuali.msg.validation.hard.coded" />-->
		<property name="desc" value="Must be 1" />
		<property name="serverSide" value="true" />
		<property name="validChars" value="regex:1" />
		<property name="specialValidator"
			value="org.kuali.student.r1.common.calculation.HardCodedValueCalculator" />
	</bean>
	<bean id="constraint.hard.coded.referenceType.CLU" parent="constraint">
		<property name="id" value="hard.coded.referenceType.CLU" />
		<!--<property name="messageId" value="kuali.msg.validation.hard.coded" />-->
		<property name="desc" value="Must be &#34;kuali.referenceType.CLU&#34;" />
		<property name="serverSide" value="true" />
		<property name="validChars" value="regex:kuali\.referenceType\.CLU" />
		<property name="specialValidator"
			value="org.kuali.student.r1.common.calculation.HardCodedValueCalculator" />
	</bean>
	<bean id="constraint.hard.coded.singleUse.lo" parent="constraint">
		<property name="id" value="hard.coded.singleUse.lo" />
		<!--<property name="messageId" value="kuali.msg.validation.hard.coded" />-->
		<property name="desc" value="must be &#34;kuali.lo.type.singleUse&#34;" />
		<property name="serverSide" value="true" />
		<property name="validChars" value="regex:kuali\.lo\.type\.singleUse" />
		<property name="specialValidator"
			value="org.kuali.student.r1.common.calculation.HardCodedValueCalculator" />
	</bean>
	<bean id="constraint.hard.coded.singleUse.lo.repository" parent="constraint">
		<property name="id" value="hard.coded.singleUse.lo.repository" />
		<!--<property name="messageId" value="kuali.msg.validation.hard.coded" />-->
		<property name="desc"
			value="Must be &#34;kuali.loRepository.key.single.use&#34;" />
		<property name="serverSide" value="true" />
		<property name="validChars" value="regex:kuali\.loRepository\.key\.singleUse" />
		<property name="specialValidator"
			value="org.kuali.student.r1.common.calculation.HardCodedValueCalculator" />
	</bean>
	<bean id="constraint.hard.coded.version" parent="constraint">
		<property name="id" value="hard.coded.version" />
		<!--<property name="messageId" value="kuali.msg.validation.hard.coded" />-->
		<property name="desc"
			value="Must be &#34;kuali.lu.type.CreditCourse.identifier.version&#34;" />
		<property name="serverSide" value="true" />
		<property name="validChars"
			value="regex:kuali\.lu\.type\.CreditCourse\.identifier\.version" />
		<property name="specialValidator"
			value="org.kuali.student.r1.common.calculation.HardCodedValueCalculator" />
	</bean>
	<bean id="constraint.hidden" parent="constraint">
		<property name="id" value="hidden" />
		<property name="desc" value="Hidden (not normally displayed)" />
		<property name="serverSide" value="false" />
		<property name="comments"
			value="Hidden isn't really a constraint but is captured here to help people think aobut the data and eventualy to help feed the configurable UI." />
	</bean>
	<bean id="constraint.integer" parent="constraint">
		<property name="id" value="integer" />
		<!--<property name="messageId" value="kuali.msg.validation.integer" />-->
		<property name="desc" value="Integer" />
		<property name="serverSide" value="false" />
		<property name="minLength" value="1" />
		<property name="maxLength" value="10" />
		<property name="validChars" value="regex:^(\+|-)?\d+$" />
		<property name="comments"
			value="http://regexlib.com/REDetails.aspx?regexp_id=14" />
	</bean>
	<bean id="constraint.kuali.id" parent="constraint">
		<property name="id" value="kuali.id" />
		<!--<property name="messageId" value="kuali.msg.validation.kuali.id" />-->
		<property name="desc"
			value="Kuali ID; calculated by service on add, then read-only." />
		<property name="serverSide" value="true" />
		<property name="minLength" value="1" />
		<property name="maxLength" value="36" />
		<property name="minOccurs" value="1" />
		<property name="maxOccurs" value="1" />
		<property name="comments"
			value="MinOccur on ID's of 1 may not work because it is missing on the create" />
		<property name="specialValidator"
			value="org.kuali.student.r1.common.validation.KualiIdValidator" />
	</bean>
	<bean id="constraint.kuali.meta.data" parent="constraint">
		<property name="id" value="kuali.meta.data" />
		<!--<property name="messageId" value="kuali.msg.validation.kuali.meta.data" />-->
		<property name="desc"
			value="Kuali Meta Data: calculated by service, read-only" />
		<property name="serverSide" value="true" />
		<property name="minOccurs" value="1" />
		<property name="maxOccurs" value="1" />
		<property name="comments"
			value="MinOccur on Meta data structures may not 1 not work because it is not supplied  on the create" />
		<property name="specialValidator"
			value="org.kuali.student.r1.common.validation.KualiMetaDataValidator" />
	</bean>
	<bean id="constraint.kuali.stateKey" parent="constraint">
		<property name="id" value="kuali.state" />
		<!--<property name="messageId" value="kuali.msg.validation.kuali.state" />-->
		<property name="desc" value="Kuali STATE" />
		<property name="serverSide" value="true" />
		<property name="minLength" value="1" />
		<property name="maxLength" value="30" />
		<property name="minOccurs" value="1" />
		<property name="maxOccurs" value="1" />
		<property name="validChars" value="regex:[A-Za-z0-9.-]*" />
	</bean>
	<bean id="constraint.kuali.type" parent="constraint">
		<property name="id" value="kuali.type" />
		<!--<property name="messageId" value="kuali.msg.validation.kuali.type" />-->
		<property name="desc" value="Kuali TYPE: required on add, then read-only" />
		<property name="serverSide" value="true" />
		<property name="minLength" value="1" />
		<property name="maxLength" value="60" />
		<property name="minOccurs" value="1" />
		<property name="maxOccurs" value="1" />
		<property name="validChars" value="regex:[A-Za-z0-9.-]*" />
	</bean>
	<bean id="constraint.letter" parent="constraint">
		<property name="id" value="letter" />
		<!--<property name="messageId" value="kuali.msg.validation.letter" />-->
		<property name="desc" value="letters only" />
		<property name="serverSide" value="false" />
		<property name="validChars" value="regex:[A-Za-z]*" />
	</bean>
	<bean id="constraint.lo.category.types" parent="constraint">
		<property name="id" value="lo.category.types" />
		<!--<property name="messageId" value="kuali.msg.validation.not.in.enumerated.list" />-->
		<property name="desc" value="In list of lo category types" />
		<property name="serverSide" value="false" />
		<property name="minLength" value="1" />
		<property name="maxLength" value="60" />
	</bean>
	<bean id="constraint.lo.hierarchy.types" parent="constraint">
		<property name="id" value="lo.hierarchy.types" />
		<!--<property name="messageId" value="kuali.msg.validation.not.in.enumerated.list" />-->
		<property name="desc"
			value="In a list of configured program lo hierarchy types" />
		<property name="serverSide" value="false" />
		<property name="minLength" value="1" />
		<property name="maxLength" value="60" />
	</bean>
	<bean id="constraint.lo.lo.relation.types" parent="constraint">
		<property name="id" value="lo.lo.relation.types" />
		<!--<property name="messageId" value="kuali.msg.validation.not.in.enumerated.list" />-->
		<property name="desc"
			value="In list of configured lo-lo relationship types" />
		<property name="serverSide" value="false" />
		<property name="minLength" value="1" />
		<property name="maxLength" value="60" />
	</bean>
	<bean id="constraint.lo.repositories" parent="constraint">
		<property name="id" value="lo.repositories" />
		<!--<property name="messageId" value="kuali.msg.validation.not.in.enumerated.list" />-->
		<property name="desc" value="In list of configured lo repositories" />
		<property name="serverSide" value="false" />
		<property name="minLength" value="1" />
		<property name="maxLength" value="60" />
		<property name="comments" value="TO DO: add to SimpleS" />
	</bean>
	<bean id="constraint.lo.types" parent="constraint">
		<property name="id" value="lo.types" />
		<!--<property name="messageId" value="kuali.msg.validation.not.in.enumerated.list" />-->
		<property name="desc" value="In list of confured lo types" />
		<property name="serverSide" value="false" />
		<property name="minLength" value="1" />
		<property name="maxLength" value="60" />
		<property name="comments" value="TO DO: add to SimpleS" />
	</bean>
	<bean id="constraint.lu.activity.types" parent="constraint">
		<property name="id" value="lu.activity.types" />
		<!--<property name="messageId" value="kuali.msg.validation.not.in.enumerated.list" />-->
		<property name="desc" value="In a list of configured activity LuTypes" />
		<property name="serverSide" value="false" />
		<property name="minLength" value="1" />
		<property name="maxLength" value="60" />
	</bean>
	<bean id="constraint.lu.identifier.types" parent="constraint">
		<property name="id" value="lu.identifier.types" />
		<!--<property name="messageId" value="kuali.msg.validation.not.in.enumerated.list" />-->
		<property name="desc" value="In list of configured clu identifier types" />
		<property name="serverSide" value="false" />
		<property name="minLength" value="1" />
		<property name="maxLength" value="60" />
	</bean>
	<bean id="constraint.lu.lo.relation.types" parent="constraint">
		<property name="id" value="lu.lo.relation.types" />
		<!--<property name="messageId" value="kuali.msg.validation.not.in.enumerated.list" />-->
		<property name="desc" value="In list of configured lu-lo relation types" />
		<property name="serverSide" value="false" />
		<property name="minLength" value="1" />
		<property name="maxLength" value="60" />
	</bean>
	<bean id="constraint.lu.lu.relation.types" parent="constraint">
		<property name="id" value="lu.lu.relation.types" />
		<!--<property name="messageId" value="kuali.msg.validation.not.in.enumerated.list" />-->
		<property name="desc" value="In list of configured lul-lu relation types" />
		<property name="serverSide" value="false" />
		<property name="minLength" value="1" />
		<property name="maxLength" value="60" />
	</bean>
	<bean id="constraint.lu.states" parent="constraint">
		<property name="id" value="lu.states" />
		<!--<property name="messageId" value="kuali.msg.validation.not.in.enumerated.list" />-->
		<property name="desc" value="In list of configured learning unit states" />
		<property name="serverSide" value="false" />
		<property name="minLength" value="1" />
		<property name="maxLength" value="30" />
	</bean>
	<bean id="constraint.lu.types" parent="constraint">
		<property name="id" value="lu.types" />
		<!--<property name="messageId" value="kuali.msg.validation.not.in.enumerated.list" />-->
		<property name="desc" value="In list of configured learning unit types" />
		<property name="serverSide" value="false" />
		<property name="minLength" value="1" />
		<property name="maxLength" value="60" />
	</bean>
	<bean id="constraint.multi.line.text" parent="constraint">
		<property name="id" value="multi.line.text" />
		<!--<property name="messageId" value="kuali.msg.validation.printable" />-->
		<property name="desc"
			value="Multi-line text field that accepts all printable characters plus tab, carraige-return and linefeed." />
		<property name="serverSide" value="false" />
		<property name="minLength" value="1" />
		<property name="validChars" value="regex:[\p{Print}\p{Blank}\n\r]*" />
		<property name="comments"
			value="old reg ex was [A-Za-z0-9.-;;'&amp;%$#@!\n\r\t]*" />
	</bean>
	<bean id="constraint.non-negative.integer" parent="constraint">
		<property name="id" value="non-negative.integer" />
		<!--<property name="messageId" value="kuali.msg.validation.non-negative.integer" />-->
		<property name="desc" value="Non-Negative Integer" />
		<property name="serverSide" value="false" />
		<property name="minLength" value="1" />
		<property name="maxLength" value="10" />
		<property name="minValue" value="0" />
		<property name="validChars" value="regex:^\d+$" />
		<property name="comments"
			value="http://regexlib.com/REDetails.aspx?regexp_id=13" />
	</bean>
	<bean id="constraint.not.used" parent="constraint">
		<property name="id" value="not.used" />
		<!--<property name="messageId" value="kuali.msg.validation.not.used" />-->
		<property name="desc" value="Not Used" />
		<property name="serverSide" value="false" />
		<property name="minOccurs" value="0" />
		<property name="maxOccurs" value="0" />
	</bean>
	<bean id="constraint.optional" parent="constraint">
		<property name="id" value="optional" />
		<property name="desc" value="Optional" />
		<property name="serverSide" value="false" />
		<property name="minOccurs" value="0" />
		<property name="comments"
			value="Used to override a previous required constraint.  Also implied by the absence of a required constraint" />
	</bean>
	<bean id="constraint.proposal.types" parent="constraint">
		<property name="id" value="proposal.types" />
		<!--<property name="messageId" value="kuali.msg.validation.not.in.enumerated.list" />-->
		<property name="desc" value="In a list of configured proposal types" />
		<property name="serverSide" value="false" />
		<property name="minLength" value="1" />
		<property name="maxLength" value="60" />
		<property name="comments" value="TO DO: add to SimpleS" />
	</bean>
	<bean id="constraint.read.only" parent="constraint">
		<property name="id" value="read.only" />
		<property name="desc" value="Read Only" />
		<property name="serverSide" value="false" />
		<property name="comments"
			value="Read-only isn't really a constraint on the data but is a constraint on the UI. It is here so it can be easily flagged as an attribute so thait can eventually feed the UI." />
	</bean>
	<bean id="constraint.reference.types" parent="constraint">
		<property name="id" value="reference.types" />
		<!--<property name="messageId" value="kuali.msg.validation.not.in.enumerated.list" />-->
		<property name="desc" value="In a list of configured reference types" />
		<property name="serverSide" value="false" />
		<property name="minLength" value="1" />
		<property name="maxLength" value="60" />
		<property name="comments" value="TO DO: add to SimpleS" />
	</bean>
	<bean id="constraint.related.cluId" parent="constraint">
		<property name="id" value="related.cluId" />
		<!--<property name="messageId" value="kuali.msg.validation.not.a.valid.related.id" />-->
		<property name="desc" value="Id of an existing CLU" />
		<property name="serverSide" value="true" />
		<property name="minLength" value="1" />
		<property name="maxLength" value="36" />
		<property name="comments"
			value="Requires special logic to check that the ID supplied actually exists" />
		<property name="specialValidator"
			value="org.kuali.student.lum.lu.validation.CluIdExistsValidator" />
	</bean>
	<bean id="constraint.related.orgId" parent="constraint">
		<property name="id" value="related.orgId" />
		<!--<property name="messageId" value="kuali.msg.validation.not.a.valid.related.id" />-->
		<property name="desc" value="Id of an existing ORG" />
		<property name="serverSide" value="true" />
		<property name="minLength" value="1" />
		<property name="maxLength" value="36" />
		<property name="comments"
			value="Requires special logic to check that the ID supplied actually exists" />
		<property name="specialValidator"
			value="org.kuali.student.r1.common.org.validation.OrgIdExistsValidator" />
	</bean>
	<bean id="constraint.related.personId" parent="constraint">
		<property name="id" value="related.personId" />
		<!--<property name="messageId" value="kuali.msg.validation.not.a.valid.related.id" />-->
		<property name="desc" value="Id of an existing PERSON" />
		<property name="serverSide" value="true" />
		<property name="minLength" value="1" />
		<property name="maxLength" value="36" />
		<property name="comments"
			value="Requires special logic to check that the ID supplied actually exists" />
		<property name="specialValidator"
			value="org.kuali.student.r1.common.person.validation.PersonIddExistsValidator" />
	</bean>
	<bean id="constraint.related.principalId" parent="constraint">
		<property name="id" value="related.principalId" />
		<!--<property name="messageId" value="kuali.msg.validation.not.a.valid.related.id" />-->
		<property name="desc" value="Id of an existing PRINCIPAL" />
		<property name="serverSide" value="true" />
		<property name="minLength" value="1" />
		<property name="maxLength" value="36" />
		<property name="comments"
			value="Requires special logic to check that the ID supplied actually exists" />
		<property name="specialValidator"
			value="org.kuali.student.r1.common.auth.validation.PrincipaldExistsValidator" />
	</bean>
	<bean id="constraint.repeating" parent="constraint">
		<property name="id" value="repeating" />
		<property name="desc" value="Repeating" />
		<property name="serverSide" value="false" />
		<property name="comments"
			value="Nine 9's get translated as &#34;(unbounded)&#34;" />
	</bean>
	<bean id="constraint.required" parent="constraint">
		<property name="id" value="required" />
		<!--<property name="messageId" value="kuali.msg.validation.required" />-->
		<property name="desc" value="Required" />
		<property name="serverSide" value="false" />
		<property name="minOccurs" value="1" />
	</bean>
	<bean id="constraint.rich.text" parent="constraint">
		<property name="id" value="rich.text" />
		<!--<property name="messageId" value="kuali.msg.validation.printable" />-->
		<property name="desc"
			value="Text field that accepts all types of characters using some sort of escaping convention along with the ability to specify bolding, font size, color etc." />
		<property name="serverSide" value="false" />
		<property name="minLength" value="1" />
		<property name="validChars" value="regex:[\p{Print}\p{Blank}\n\r]*" />
		<property name="comments"
			value="Not sure if characterset for rich text is the same for regular text but just interpretted differently.  I.e. html is plain text interpreted differently." />
	</bean>
	<bean id="constraint.single" parent="constraint">
		<property name="id" value="single" />
		<!--<property name="messageId" value="kuali.msg.validation.single" />-->
		<property name="desc" value="Single valued (non-repeating)" />
		<property name="serverSide" value="false" />
		<property name="maxOccurs" value="1" />
		<property name="comments" value="Used to override a repeating constraint" />
	</bean>
	<bean id="constraint.single.line.text" parent="constraint">
		<property name="id" value="single.line.text" />
		<!--<property name="messageId" value="kuali.msg.validation.single.line.text" />-->
		<property name="desc"
			value="A basic single line of text, no embedded carraige returns or tabs limited to 255" />
		<property name="serverSide" value="false" />
		<property name="minLength" value="1" />
		<property name="maxLength" value="255" />
		<property name="validChars" value="regex:[\p{Print} ]*" />
		<property name="comments"
			value="old reg ex was &#34;[A-Za-z0-9.-;;'&amp;%$#@!]*" />
	</bean>
	<bean id="constraint.size.one" parent="constraint">
		<property name="id" value="size.one" />
		<!--<property name="messageId" value="kuali.msg.validation.size.one" />-->
		<property name="desc" value="Only one character" />
		<property name="serverSide" value="false" />
		<property name="minLength" value="1" />
		<property name="maxLength" value="1" />
	</bean>
	<bean id="constraint.subject.areas" parent="constraint">
		<property name="id" value="subject.areas" />
		<!--<property name="messageId" value="kuali.msg.validation.not.in.enumerated.list" />-->
		<property name="desc" value="In list of configured subject areas" />
		<property name="serverSide" value="false" />
		<property name="minLength" value="4" />
		<property name="maxLength" value="4" />
		<property name="validChars" value="regex:[A-Z]*" />
	</bean>
	<bean id="constraint.unit.types" parent="constraint">
		<property name="id" value="unit.types" />
		<!--<property name="messageId" value="kuali.msg.validation.not.in.enumerated.list" />-->
		<property name="desc" value="In list of configured unit types" />
		<property name="serverSide" value="false" />
		<property name="minLength" value="1" />
		<property name="maxLength" value="10" />
		<property name="comments"
			value="Although called a type, this is not a formal type in kuali student like an lu type, for example it may be changeable after being added." />
	</bean>
	<bean id="constraint.valid.duration.types" parent="constraint">
		<property name="id" value="valid.duration.types" />
		<!--<property name="messageId" value="kuali.msg.validation.not.in.enumerated.list" />-->
		<property name="desc"
			value="In a list of duration types configured by LuType" />
		<property name="serverSide" value="false" />
	</bean>
	<bean id="CreditCourseProposal" parent="dataObjectStructure">
		<property name="fields">
			<list>
				<bean parent="dataFieldDescriptor">
					<property name="name" value="proposal" />
					<property name="writeAccess" value="ALWAYS" />
					<property name="onChangeRefreshMetadata" value="false" />
					<property name="dataObjectStructure" ref="proposal" />
					<property name="dataType" value="DATA" />
					<property name="constraints">
						<list>
							<ref bean="constraint.single" />
						</list>
					</property>
				</bean>
				<bean parent="dataFieldDescriptor">
					<property name="name" value="course" />
					<property name="writeAccess" value="ALWAYS" />
					<property name="onChangeRefreshMetadata" value="false" />
					<property name="dataObjectStructure" ref="course" />
					<property name="dataType" value="DATA" />
					<property name="constraints">
						<list>
							<ref bean="constraint.single" />
						</list>
					</property>
				</bean>
				<bean parent="dataFieldDescriptor">
					<property name="name" value="state" />
					<property name="writeAccess" value="ALWAYS" />
					<property name="onChangeRefreshMetadata" value="false" />
					<property name="dataType" value="STRING" />
					<property name="defaultValue" value="" />
					<property name="constraints">
						<list>
							<ref bean="constraint.single" />
							<ref bean="constraint.required" />
							<ref bean="constraint.single" />
							<ref bean="constraint.kuali.stateKey" />
						</list>
					</property>
				</bean>
				<bean parent="dataFieldDescriptor">
					<property name="name" value="type" />
					<property name="writeAccess" value="ON_CREATE" />
					<property name="onChangeRefreshMetadata" value="false" />
					<property name="dataType" value="STRING" />
					<property name="constraints">
						<list>
							<ref bean="constraint.single" />
							<ref bean="constraint.course.proposal.types" />
							<ref bean="constraint.required" />
							<ref bean="constraint.single" />
							<ref bean="constraint.proposal.types" />
						</list>
					</property>
				</bean>
			</list>
		</property>
		<property name="name" value="CreditCourseProposal" />
	</bean>
	<bean id="_runtimeData" parent="dataObjectStructure">
		<property name="fields">
			<list>
				<bean parent="dataFieldDescriptor">
					<property name="name" value="created" />
					<property name="writeAccess" value="NEVER" />
					<property name="onChangeRefreshMetadata" value="false" />
					<property name="dataType" value="BOOLEAN" />
					<property name="defaultValue" value="FALSE" />
					<property name="constraints">
						<list>
							<ref bean="constraint.single" />
						</list>
					</property>
				</bean>
				<bean parent="dataFieldDescriptor">
					<property name="name" value="deleted" />
					<property name="writeAccess" value="NEVER" />
					<property name="onChangeRefreshMetadata" value="false" />
					<property name="dataType" value="BOOLEAN" />
					<property name="defaultValue" value="FALSE" />
					<property name="constraints">
						<list>
							<ref bean="constraint.single" />
						</list>
					</property>
				</bean>
				<bean parent="dataFieldDescriptor">
					<property name="name" value="updated" />
					<property name="writeAccess" value="NEVER" />
					<property name="onChangeRefreshMetadata" value="false" />
					<property name="dataType" value="BOOLEAN" />
					<property name="defaultValue" value="FALSE" />
					<property name="constraints">
						<list>
							<ref bean="constraint.single" />
						</list>
					</property>
				</bean>
				<bean parent="dataFieldDescriptor">
					<property name="name" value="versions" />
					<property name="writeAccess" value="NEVER" />
					<property name="onChangeRefreshMetadata" value="false" />
					<property name="dataObjectStructure" ref="versions" />
					<property name="dataType" value="DATA" />
					<property name="constraints">
						<list>
							<ref bean="constraint.repeating" />
						</list>
					</property>
				</bean>
			</list>
		</property>
		<property name="name" value="_runtimeData" />
	</bean>
	<bean id="versions" parent="dataObjectStructure">
		<property name="fields">
			<list>
				<bean parent="dataFieldDescriptor">
					<property name="name" value="type" />
					<property name="writeAccess" value="NEVER" />
					<property name="onChangeRefreshMetadata" value="false" />
					<property name="dataType" value="STRING" />
					<property name="constraints">
						<list>
							<ref bean="constraint.single" />
						</list>
					</property>
				</bean>
				<bean parent="dataFieldDescriptor">
					<property name="name" value="id" />
					<property name="writeAccess" value="NEVER" />
					<property name="onChangeRefreshMetadata" value="false" />
					<property name="dataType" value="STRING" />
					<property name="constraints">
						<list>
							<ref bean="constraint.single" />
						</list>
					</property>
				</bean>
				<bean parent="dataFieldDescriptor">
					<property name="name" value="versionInd" />
					<property name="writeAccess" value="NEVER" />
					<property name="onChangeRefreshMetadata" value="false" />
					<property name="dataType" value="STRING" />
					<property name="constraints">
						<list>
							<ref bean="constraint.single" />
						</list>
					</property>
				</bean>
			</list>
		</property>
		<property name="name" value="versions" />
	</bean>
	<bean id="formats" parent="dataObjectStructure">
		<property name="fields">
			<list>
				<bean parent="dataFieldDescriptor">
					<property name="name" value="id" />
					<property name="writeAccess" value="NEVER" />
					<property name="onChangeRefreshMetadata" value="false" />
					<property name="dataType" value="STRING" />
					<property name="constraints">
						<list>
							<ref bean="constraint.single" />
							<ref bean="constraint.hidden" />
							<ref bean="constraint.read.only" />
							<ref bean="constraint.single" />
							<ref bean="constraint.kuali.id" />
						</list>
					</property>
				</bean>
				<bean parent="dataFieldDescriptor">
					<property name="name" value="activities" />
					<property name="writeAccess" value="ALWAYS" />
					<property name="onChangeRefreshMetadata" value="false" />
					<property name="dataObjectStructure" ref="activities" />
					<property name="dataType" value="DATA" />
					<property name="constraints">
						<list>
							<ref bean="constraint.repeating" />
							<bean parent="constraint">
								<property name="serverSide" value="false" />
								<property name="minOccurs" value="1" />
							</bean>
						</list>
					</property>
				</bean>
				<bean parent="dataFieldDescriptor">
					<property name="name" value="state" />
					<property name="writeAccess" value="ALWAYS" />
					<property name="onChangeRefreshMetadata" value="false" />
					<property name="dataType" value="STRING" />
					<property name="defaultValue" value="" />
					<property name="constraints">
						<list>
							<ref bean="constraint.single" />
							<ref bean="constraint.required" />
							<ref bean="constraint.single" />
							<ref bean="constraint.kuali.stateKey" />
							<ref bean="constraint.lu.states" />
						</list>
					</property>
				</bean>
				<bean parent="dataFieldDescriptor">
					<property name="name" value="_runtimeData" />
					<property name="writeAccess" value="NEVER" />
					<property name="onChangeRefreshMetadata" value="false" />
					<property name="dataObjectStructure" ref="_runtimeData" />
					<property name="dataType" value="DATA" />
					<property name="constraints">
						<list>
							<ref bean="constraint.single" />
						</list>
					</property>
				</bean>
			</list>
		</property>
		<property name="name" value="formats" />
	</bean>
	<bean id="activities" parent="dataObjectStructure">
		<property name="fields">
			<list>
				<bean parent="dataFieldDescriptor">
					<property name="name" value="id" />
					<property name="writeAccess" value="NEVER" />
					<property name="onChangeRefreshMetadata" value="false" />
					<property name="dataType" value="STRING" />
					<property name="constraints">
						<list>
							<ref bean="constraint.single" />
							<ref bean="constraint.hidden" />
							<ref bean="constraint.read.only" />
							<ref bean="constraint.single" />
							<ref bean="constraint.kuali.id" />
						</list>
					</property>
				</bean>
				<bean parent="dataFieldDescriptor">
					<property name="name" value="activityType" />
					<property name="writeAccess" value="ALWAYS" />
					<property name="onChangeRefreshMetadata" value="false" />
					<property name="dataType" value="STRING" />
					<property name="constraints">
						<list>
							<ref bean="constraint.single" />
							<ref bean="constraint.lu.activity.types" />
							<ref bean="constraint.required" />
							<ref bean="constraint.single" />
							<ref bean="constraint.kuali.type" />
							<ref bean="constraint.lu.types" />
						</list>
					</property>
					<property name="initialLookup">
						<bean parent="lookup">
							<property name="searchTypeId" value="lu.search.all.lu.types" />
							<property name="name" value="All activity tlypes" />
							<property name="desc" value="All activity types" />
							<property name="params">
								<list>
									<bean parent="param">
										<property name="key" value="lu.queryParam.luOptionalType" />
										<property name="writeAccess" value="NEVER" />
										<property name="dataType" value="STRING" />
										<property name="optional" value="true" />
										<property name="name" value="Type" />
										<property name="desc" value="Lu type (course, program etc.)" />
										<property name="caseSensitive" value="true" />
									</bean>
								</list>
							</property>
							<property name="results">
								<list>
									<bean parent="result">
										<property name="dataType" value="STRING" />
										<property name="desc" value="The internal key to the org type" />
										<property name="hidden" value="false" />
										<property name="key" value="lu.resultColumn.key" />
										<property name="name" value="Key of the type" />
									</bean>
									<bean parent="result">
										<property name="dataType" value="STRING" />
										<property name="desc" value="The name of the type" />
										<property name="hidden" value="false" />
										<property name="key" value="lu.resultColumn.name" />
										<property name="name" value="Name of type" />
									</bean>
									<bean parent="result">
										<property name="dataType" value="STRING" />
										<property name="desc" value="The description of the type" />
										<property name="hidden" value="false" />
										<property name="key" value="lu.resultColumn.desc" />
										<property name="name" value="Description of type" />
									</bean>
									<bean parent="result">
										<property name="dataType" value="TRUNCATED_DATE" />
										<property name="desc" value="The date the ltype became effective" />
										<property name="hidden" value="false" />
										<property name="key" value="lu.resultColumn.effective_date" />
										<property name="name" value="Effective date" />
									</bean>
									<bean parent="result">
										<property name="dataType" value="TRUNCATED_DATE" />
										<property name="desc"
											value="The date the type became non-effective" />
										<property name="hidden" value="false" />
										<property name="key" value="lu.resultColumn.expiration_date" />
										<property name="name" value="Expiration date" />
									</bean>
								</list>
							</property>
							<property name="resultReturnKey" value="lu.resultColumn.key" />
							<property name="resultDisplayKey" value="lu.resultColumn.name" />
							<property name="resultSortKey" value="lu.resultColumn.name" />
							<property name="usage" value="DEFAULT" />
							<property name="id" value="kuali.lu.lookup.activity.types" />
						</bean>
					</property>
				</bean>
				<bean parent="dataFieldDescriptor">
					<property name="name" value="contactHours" />
					<property name="writeAccess" value="ALWAYS" />
					<property name="onChangeRefreshMetadata" value="false" />
					<property name="dataObjectStructure" ref="contactHours" />
					<property name="dataType" value="DATA" />
					<property name="constraints">
						<list>
							<ref bean="constraint.single" />
							<ref bean="constraint.required" />
							<ref bean="constraint.optional" />
							<ref bean="constraint.single" />
						</list>
					</property>
				</bean>
				<bean parent="dataFieldDescriptor">
					<property name="name" value="duration" />
					<property name="writeAccess" value="ALWAYS" />
					<property name="onChangeRefreshMetadata" value="false" />
					<property name="dataObjectStructure" ref="duration" />
					<property name="dataType" value="DATA" />
					<property name="constraints">
						<list>
							<ref bean="constraint.single" />
							<ref bean="constraint.optional" />
							<ref bean="constraint.single" />
						</list>
					</property>
				</bean>
				<bean parent="dataFieldDescriptor">
					<property name="name" value="defaultEnrollmentEstimate" />
					<property name="writeAccess" value="ALWAYS" />
					<property name="onChangeRefreshMetadata" value="false" />
					<property name="dataType" value="INTEGER" />
					<property name="constraints">
						<list>
							<ref bean="constraint.single" />
							<ref bean="constraint.not.used" />
							<ref bean="constraint.optional" />
							<ref bean="constraint.single" />
							<ref bean="constraint.non-negative.integer" />
						</list>
					</property>
				</bean>
				<bean parent="dataFieldDescriptor">
					<property name="name" value="state" />
					<property name="writeAccess" value="ALWAYS" />
					<property name="onChangeRefreshMetadata" value="false" />
					<property name="dataType" value="STRING" />
					<property name="defaultValue" value="" />
					<property name="constraints">
						<list>
							<ref bean="constraint.single" />
							<ref bean="constraint.required" />
							<ref bean="constraint.single" />
							<ref bean="constraint.kuali.stateKey" />
							<ref bean="constraint.lu.states" />
						</list>
					</property>
				</bean>
				<bean parent="dataFieldDescriptor">
					<property name="name" value="_runtimeData" />
					<property name="writeAccess" value="NEVER" />
					<property name="onChangeRefreshMetadata" value="false" />
					<property name="dataObjectStructure" ref="_runtimeData" />
					<property name="dataType" value="DATA" />
					<property name="constraints">
						<list>
							<ref bean="constraint.single" />
						</list>
					</property>
				</bean>
			</list>
		</property>
		<property name="name" value="activities" />
	</bean>
	<bean id="crossListings" parent="dataObjectStructure">
		<property name="fields">
			<list>
				<bean parent="dataFieldDescriptor">
					<property name="name" value="id" />
					<property name="writeAccess" value="NEVER" />
					<property name="onChangeRefreshMetadata" value="false" />
					<property name="dataType" value="STRING" />
					<property name="constraints">
						<list>
							<ref bean="constraint.single" />
							<ref bean="constraint.hidden" />
							<ref bean="constraint.read.only" />
							<ref bean="constraint.single" />
							<ref bean="constraint.kuali.id" />
						</list>
					</property>
				</bean>
				<bean parent="dataFieldDescriptor">
					<property name="name" value="type" />
					<property name="writeAccess" value="NEVER" />
					<property name="onChangeRefreshMetadata" value="false" />
					<property name="dataType" value="STRING" />
					<property name="defaultValue" value="" />
					<property name="constraints">
						<list>
							<ref bean="constraint.single" />
							<ref bean="constraint.hard.coded.cross-listed" />
							<ref bean="constraint.read.only" />
							<ref bean="constraint.required" />
							<ref bean="constraint.single" />
							<ref bean="constraint.kuali.type" />
							<ref bean="constraint.lu.identifier.types" />
						</list>
					</property>
				</bean>
				<bean parent="dataFieldDescriptor">
					<property name="name" value="department" />
					<property name="writeAccess" value="ALWAYS" />
					<property name="onChangeRefreshMetadata" value="false" />
					<property name="dataType" value="STRING" />
					<property name="lookupContextPath" value="proposal.proposerPerson" />
					<property name="constraints">
						<list>
							<ref bean="constraint.single" />
							<ref bean="constraint.required" />
							<ref bean="constraint.optional" />
							<ref bean="constraint.single" />
							<ref bean="constraint.related.orgId" />
						</list>
					</property>
					<property name="initialLookup">
						<bean parent="lookup">
							<property name="searchTypeId" value="org.search.advanced" />
							<property name="name" value="Basic and Advanced Search" />
							<property name="desc"
								value="Query with multiple optional elements to satisfy most advanced pickers" />
							<property name="params">
								<list>
									<bean parent="param">
										<property name="key" value="org.queryParam.orgOptionalLongName" />
										<property name="writeAccess" value="ALWAYS" />
										<property name="dataType" value="STRING" />
										<property name="optional" value="true" />
										<property name="name" value="Organization Name" />
										<property name="desc" value="Long organization name." />
										<property name="caseSensitive" value="false" />
										<property name="usage" value="DEFAULT" />
										<property name="widget" value="SUGGEST_BOX" />
									</bean>
									<bean parent="param">
										<property name="key" value="org.queryParam.orgOptionalLocation" />
										<property name="writeAccess" value="ALWAYS" />
										<property name="dataType" value="STRING" />
										<property name="optional" value="true" />
										<property name="name" value="Location" />
										<property name="desc" value="Organization location." />
										<property name="caseSensitive" value="false" />
										<property name="usage" value="ADVANCED" />
										<property name="widget" value="TEXT_BOX" />
									</bean>
									<bean parent="param">
										<property name="key" value="org.queryParam.orgOptionalId" />
										<property name="writeAccess" value="ALWAYS" />
										<property name="dataType" value="STRING" />
										<property name="optional" value="true" />
										<property name="name" value="Id" />
										<property name="desc"
											value="Unique identifier for an organization." />
										<property name="caseSensitive" value="true" />
										<property name="usage" value="CUSTOM" />
									</bean>
									<bean parent="param">
										<property name="key" value="org.queryParam.orgOptionalShortName" />
										<property name="writeAccess" value="ALWAYS" />
										<property name="dataType" value="STRING" />
										<property name="optional" value="true" />
										<property name="name" value="Organization Name" />
										<property name="desc" value="Short organization name." />
										<property name="caseSensitive" value="false" />
										<property name="usage" value="ADVANCED" />
										<property name="widget" value="SUGGEST_BOX" />
									</bean>
									<bean parent="param">
										<property name="key" value="org.queryParam.orgOptionalType" />
										<property name="writeAccess" value="NEVER" />
										<property name="dataType" value="STRING" />
										<property name="optional" value="true" />
										<property name="name" value="Org Type" />
										<property name="desc" value="Type of an organization." />
										<property name="caseSensitive" value="true" />
									</bean>
								</list>
							</property>
							<property name="results">
								<list>
									<bean parent="result">
										<property name="dataType" value="STRING" />
										<property name="desc" value="Identifier for the organization" />
										<property name="hidden" value="false" />
										<property name="key" value="org.resultColumn.orgId" />
										<property name="name" value="Organization Identifier" />
									</bean>
									<bean parent="result">
										<property name="dataType" value="STRING" />
										<property name="desc"
											value="Short name for the organization, recorded as the default listing" />
										<property name="hidden" value="false" />
										<property name="key" value="org.resultColumn.orgShortName" />
										<property name="name" value="Organization Short Name" />
									</bean>
									<bean parent="result">
										<property name="dataType" value="STRING" />
										<property name="desc"
											value="Long name for the organization, recorded as the default listing." />
										<property name="hidden" value="false" />
										<property name="key" value="org.resultColumn.orgOptionalLongName" />
										<property name="name" value="Name" />
									</bean>
									<bean parent="result">
										<property name="dataType" value="STRING" />
										<property name="desc" value="Organization Type" />
										<property name="hidden" value="false" />
										<property name="key" value="org.resultColumn.orgType" />
										<property name="name" value="Organization Type" />
									</bean>
								</list>
							</property>
							<property name="resultReturnKey" value="org.resultColumn.orgId" />
							<property name="resultDisplayKey" value="org.resultColumn.orgShortName" />
							<property name="resultSortKey" value="org.resultColumn.orgShortName" />
							<property name="usage" value="DEFAULT" />
							<property name="id" value="kuali.lu.lookup.admin.departments" />
						</bean>
					</property>
				</bean>
				<bean parent="dataFieldDescriptor">
					<property name="name" value="subjectArea" />
					<property name="writeAccess" value="ALWAYS" />
					<property name="onChangeRefreshMetadata" value="false" />
					<property name="dataType" value="STRING" />
					<property name="lookupContextPath" value="department" />
					<property name="constraints">
						<list>
							<ref bean="constraint.single" />
							<ref bean="constraint.required" />
							<ref bean="constraint.subject.areas" />
							<ref bean="constraint.optional" />
							<ref bean="constraint.single" />
							<ref bean="constraint.code" />
						</list>
					</property>
				</bean>
				<bean parent="dataFieldDescriptor">
					<property name="name" value="courseNumberSuffix" />
					<property name="writeAccess" value="ALWAYS" />
					<property name="onChangeRefreshMetadata" value="false" />
					<property name="dataType" value="STRING" />
					<property name="lookupContextPath" value="subjectArea" />
					<property name="constraints">
						<list>
							<ref bean="constraint.single" />
							<ref bean="constraint.required" />
							<ref bean="constraint.available.course.numbers" />
							<ref bean="constraint.optional" />
							<ref bean="constraint.single" />
							<ref bean="constraint.code" />
						</list>
					</property>
				</bean>
				<bean parent="dataFieldDescriptor">
					<property name="name" value="_runtimeData" />
					<property name="writeAccess" value="NEVER" />
					<property name="onChangeRefreshMetadata" value="false" />
					<property name="dataObjectStructure" ref="_runtimeData" />
					<property name="dataType" value="DATA" />
					<property name="constraints">
						<list>
							<ref bean="constraint.single" />
						</list>
					</property>
				</bean>
			</list>
		</property>
		<property name="name" value="crossListings" />
	</bean>
	<bean id="joints" parent="dataObjectStructure">
		<property name="fields">
			<list>
				<bean parent="dataFieldDescriptor">
					<property name="name" value="type" />
					<property name="writeAccess" value="NEVER" />
					<property name="onChangeRefreshMetadata" value="false" />
					<property name="dataType" value="STRING" />
					<property name="defaultValue" value="" />
					<property name="constraints">
						<list>
							<ref bean="constraint.single" />
							<ref bean="constraint.hard.coded.co-located" />
							<ref bean="constraint.read.only" />
							<ref bean="constraint.required" />
							<ref bean="constraint.single" />
							<ref bean="constraint.kuali.type" />
							<ref bean="constraint.lu.lu.relation.types" />
						</list>
					</property>
				</bean>
				<bean parent="dataFieldDescriptor">
					<property name="name" value="courseId" />
					<property name="writeAccess" value="ALWAYS" />
					<property name="onChangeRefreshMetadata" value="false" />
					<property name="dataType" value="STRING" />
					<property name="constraints">
						<list>
							<ref bean="constraint.single" />
							<ref bean="constraint.required" />
							<ref bean="constraint.single" />
							<ref bean="constraint.related.cluId" />
						</list>
					</property>
					<property name="initialLookup">
						<bean parent="lookup">
							<property name="searchTypeId" value="lu.search.generic" />
							<property name="name" value="Basic and Advanced Search" />
							<property name="desc"
								value="Query with multiple optional elements to satisfy most advanced pickers" />
							<property name="params">
								<list>
									<bean parent="param">
										<property name="key" value="lu.queryParam.luOptionalId" />
										<property name="writeAccess" value="ALWAYS" />
										<property name="dataType" value="STRING" />
										<property name="optional" value="true" />
										<property name="name" value="Id" />
										<property name="desc" value="Unique identifier for a lu." />
										<property name="caseSensitive" value="true" />
										<property name="usage" value="CUSTOM" />
									</bean>
									<bean parent="param">
										<property name="key" value="lu.queryParam.luOptionalLongName" />
										<property name="writeAccess" value="ALWAYS" />
										<property name="dataType" value="STRING" />
										<property name="optional" value="true" />
										<property name="name" value="Name" />
										<property name="desc" value="Long name" />
										<property name="caseSensitive" value="false" />
										<property name="usage" value="DEFAULT" />
										<property name="widget" value="SUGGEST_BOX" />
									</bean>
									<bean parent="param">
										<property name="key" value="lu.queryParam.luOptionalType" />
										<property name="writeAccess" value="NEVER" />
										<property name="dataType" value="STRING" />
										<property name="optional" value="true" />
										<property name="name" value="Type" />
										<property name="desc" value="Lu type (course, program etc.)" />
										<property name="caseSensitive" value="true" />
									</bean>
									<bean parent="param">
										<property name="key" value="lu.queryParam.luOptionalCode" />
										<property name="writeAccess" value="ALWAYS" />
										<property name="dataType" value="STRING" />
										<property name="optional" value="true" />
										<property name="name" value="Code" />
										<property name="desc" value="Lu code" />
										<property name="caseSensitive" value="true" />
										<property name="usage" value="ADVANCED" />
										<property name="widget" value="TEXT_BOX" />
									</bean>
									<bean parent="param">
										<property name="key" value="lu.queryParam.luOptionalLevel" />
										<property name="writeAccess" value="ALWAYS" />
										<property name="dataType" value="STRING" />
										<property name="optional" value="true" />
										<property name="name" value="Level" />
										<property name="desc" value="Lu level grad/undergrad" />
										<property name="caseSensitive" value="true" />
										<property name="usage" value="ADVANCED" />
										<property name="widget" value="TEXT_BOX" />
									</bean>
								</list>
							</property>
							<property name="results">
								<list>
									<bean parent="result">
										<property name="dataType" value="STRING" />
										<property name="desc" value="Identifier of a Clu" />
										<property name="hidden" value="false" />
										<property name="key" value="lu.resultColumn.cluId" />
										<property name="name" value="Clu Id" />
									</bean>
									<bean parent="result">
										<property name="dataType" value="STRING" />
										<property name="desc"
											value="Long name for the lu, recorded as the default listing." />
										<property name="hidden" value="false" />
										<property name="key" value="lu.resultColumn.luOptionalLongName" />
										<property name="name" value="Name" />
									</bean>
									<bean parent="result">
										<property name="dataType" value="STRING" />
										<property name="desc" value="Lu code" />
										<property name="hidden" value="false" />
										<property name="key" value="lu.resultColumn.luOptionalCode" />
										<property name="name" value="Code" />
									</bean>
									<bean parent="result">
										<property name="dataType" value="STRING" />
										<property name="desc" value="Level of Lu" />
										<property name="hidden" value="false" />
										<property name="key" value="lu.resultColumn.luOptionalLevel" />
										<property name="name" value="Level" />
									</bean>
								</list>
							</property>
							<property name="resultReturnKey" value="lu.resultColumn.cluId" />
							<property name="resultDisplayKey" value="lu.resultColumn.luOptionalLongName" />
							<property name="resultSortKey" value="lu.resultColumn.luOptionalLongName" />
							<property name="usage" value="DEFAULT" />
							<property name="id" value="kuali.lu.lookup.creditCoursesAndProposals" />
						</bean>
					</property>
				</bean>
				<bean parent="dataFieldDescriptor">
					<property name="name" value="relationId" />
					<property name="writeAccess" value="NEVER" />
					<property name="onChangeRefreshMetadata" value="false" />
					<property name="dataType" value="STRING" />
					<property name="constraints">
						<list>
							<ref bean="constraint.single" />
							<ref bean="constraint.hidden" />
							<ref bean="constraint.read.only" />
							<ref bean="constraint.single" />
							<ref bean="constraint.kuali.id" />
						</list>
					</property>
				</bean>
				<bean parent="dataFieldDescriptor">
					<property name="name" value="courseTitle" />
					<property name="writeAccess" value="NEVER" />
					<property name="onChangeRefreshMetadata" value="false" />
					<property name="dataType" value="STRING" />
					<property name="constraints">
						<list>
							<ref bean="constraint.single" />
						</list>
					</property>
				</bean>
				<bean parent="dataFieldDescriptor">
					<property name="name" value="subjectArea" />
					<property name="writeAccess" value="NEVER" />
					<property name="onChangeRefreshMetadata" value="false" />
					<property name="dataType" value="STRING" />
					<property name="constraints">
						<list>
							<ref bean="constraint.single" />
						</list>
					</property>
				</bean>
				<bean parent="dataFieldDescriptor">
					<property name="name" value="courseNumberSuffix" />
					<property name="writeAccess" value="NEVER" />
					<property name="onChangeRefreshMetadata" value="false" />
					<property name="dataType" value="STRING" />
					<property name="constraints">
						<list>
							<ref bean="constraint.single" />
						</list>
					</property>
				</bean>
				<bean parent="dataFieldDescriptor">
					<property name="name" value="_runtimeData" />
					<property name="writeAccess" value="NEVER" />
					<property name="onChangeRefreshMetadata" value="false" />
					<property name="dataObjectStructure" ref="_runtimeData" />
					<property name="dataType" value="DATA" />
					<property name="constraints">
						<list>
							<ref bean="constraint.single" />
						</list>
					</property>
				</bean>
			</list>
		</property>
		<property name="name" value="joints" />
	</bean>
	<bean id="fees" parent="dataObjectStructure">
		<property name="fields">
			<list>
				<bean parent="dataFieldDescriptor">
					<property name="name" value="feeType" />
					<property name="writeAccess" value="NEVER" />
					<property name="onChangeRefreshMetadata" value="false" />
					<property name="dataType" value="STRING" />
					<property name="constraints">
						<list>
							<ref bean="constraint.single" />
						</list>
					</property>
				</bean>
				<bean parent="dataFieldDescriptor">
					<property name="name" value="feeAmount" />
					<property name="writeAccess" value="ALWAYS" />
					<property name="onChangeRefreshMetadata" value="false" />
					<property name="dataType" value="STRING" />
					<property name="constraints">
						<list>
							<ref bean="constraint.single" />
						</list>
					</property>
				</bean>
				<bean parent="dataFieldDescriptor">
					<property name="name" value="taxable" />
					<property name="writeAccess" value="ALWAYS" />
					<property name="onChangeRefreshMetadata" value="false" />
					<property name="dataType" value="STRING" />
					<property name="constraints">
						<list>
							<ref bean="constraint.single" />
						</list>
					</property>
				</bean>
				<bean parent="dataFieldDescriptor">
					<property name="name" value="feeDesc" />
					<property name="writeAccess" value="ALWAYS" />
					<property name="onChangeRefreshMetadata" value="false" />
					<property name="dataType" value="STRING" />
					<property name="constraints">
						<list>
							<ref bean="constraint.single" />
						</list>
					</property>
				</bean>
				<bean parent="dataFieldDescriptor">
					<property name="name" value="internalNotation" />
					<property name="writeAccess" value="ALWAYS" />
					<property name="onChangeRefreshMetadata" value="false" />
					<property name="dataType" value="STRING" />
					<property name="constraints">
						<list>
							<ref bean="constraint.single" />
						</list>
					</property>
				</bean>
				<bean parent="dataFieldDescriptor">
					<property name="name" value="_runtimeData" />
					<property name="writeAccess" value="NEVER" />
					<property name="onChangeRefreshMetadata" value="false" />
					<property name="dataObjectStructure" ref="_runtimeData" />
					<property name="dataType" value="DATA" />
					<property name="constraints">
						<list>
							<ref bean="constraint.single" />
						</list>
					</property>
				</bean>
			</list>
		</property>
		<property name="name" value="fees" />
	</bean>
	<bean id="courseSpecificLOs" parent="dataObjectStructure">
		<property name="fields">
			<list>
				<bean parent="dataFieldDescriptor">
					<property name="name" value="id" />
					<property name="writeAccess" value="NEVER" />
					<property name="onChangeRefreshMetadata" value="false" />
					<property name="dataType" value="STRING" />
					<property name="constraints">
						<list>
							<ref bean="constraint.single" />
							<ref bean="constraint.hidden" />
							<ref bean="constraint.read.only" />
							<ref bean="constraint.single" />
							<ref bean="constraint.kuali.id" />
						</list>
					</property>
				</bean>
				<bean parent="dataFieldDescriptor">
					<property name="name" value="includedSingleUseLo" />
					<property name="writeAccess" value="ALWAYS" />
					<property name="onChangeRefreshMetadata" value="false" />
					<property name="dataObjectStructure" ref="SingleUseLo" />
					<property name="dataType" value="DATA" />
					<property name="constraints">
						<list>
							<ref bean="constraint.single" />
						</list>
					</property>
				</bean>
				<bean parent="dataFieldDescriptor">
					<property name="name" value="effectiveDate" />
					<property name="writeAccess" value="NEVER" />
					<property name="onChangeRefreshMetadata" value="false" />
					<property name="dataType" value="TRUNCATED_DATE" />
					<property name="defaultValuePath" value="course.effectiveDate" />
					<property name="constraints">
						<list>
							<ref bean="constraint.single" />
							<ref bean="constraint.required" />
							<ref bean="constraint.single" />
							<ref bean="constraint.date.time" />
						</list>
					</property>
				</bean>
				<bean parent="dataFieldDescriptor">
					<property name="name" value="type" />
					<property name="writeAccess" value="NEVER" />
					<property name="onChangeRefreshMetadata" value="false" />
					<property name="dataType" value="STRING" />
					<property name="defaultValue" value="" />
					<property name="constraints">
						<list>
							<ref bean="constraint.single" />
							<ref bean="constraint.hard.coded.lulorealtion.includes" />
							<ref bean="constraint.hard.coded.lulorealtion.includes" />
							<ref bean="constraint.read.only" />
							<ref bean="constraint.required" />
							<ref bean="constraint.single" />
							<ref bean="constraint.kuali.type" />
							<ref bean="constraint.lu.lo.relation.types" />
						</list>
					</property>
				</bean>
				<bean parent="dataFieldDescriptor">
					<property name="name" value="state" />
					<property name="writeAccess" value="NEVER" />
					<property name="onChangeRefreshMetadata" value="false" />
					<property name="dataType" value="STRING" />
					<property name="defaultValue" value="" />
					<property name="constraints">
						<list>
							<ref bean="constraint.single" />
							<ref bean="constraint.required" />
							<ref bean="constraint.single" />
							<ref bean="constraint.kuali.stateKey" />
						</list>
					</property>
				</bean>
				<bean parent="dataFieldDescriptor">
					<property name="name" value="sequence" />
					<property name="writeAccess" value="ALWAYS" />
					<property name="onChangeRefreshMetadata" value="false" />
					<property name="dataType" value="STRING" />
					<property name="constraints">
						<list>
							<ref bean="constraint.single" />
						</list>
					</property>
				</bean>
			</list>
		</property>
		<property name="name" value="courseSpecificLOs" />
	</bean>
	<bean id="category" parent="dataObjectStructure">
		<property name="fields">
			<list>
				<bean parent="dataFieldDescriptor">
					<property name="name" value="iD" />
					<property name="writeAccess" value="NEVER" />
					<property name="onChangeRefreshMetadata" value="false" />
					<property name="dataType" value="STRING" />
					<property name="constraints">
						<list>
							<ref bean="constraint.single" />
							<ref bean="constraint.hidden" />
							<ref bean="constraint.read.only" />
							<ref bean="constraint.single" />
							<ref bean="constraint.kuali.id" />
						</list>
					</property>
				</bean>
				<bean parent="dataFieldDescriptor">
					<property name="name" value="name" />
					<property name="writeAccess" value="ALWAYS" />
					<property name="onChangeRefreshMetadata" value="false" />
					<property name="dataType" value="STRING" />
					<property name="constraints">
						<list>
							<ref bean="constraint.single" />
							<ref bean="constraint.single.line.text" />
							<ref bean="constraint.required" />
							<ref bean="constraint.single" />
						</list>
					</property>
				</bean>
				<bean parent="dataFieldDescriptor">
					<property name="name" value="loRepository" />
					<property name="writeAccess" value="NEVER" />
					<property name="onChangeRefreshMetadata" value="false" />
					<property name="dataType" value="STRING" />
					<property name="defaultValue" value="" />
					<property name="constraints">
						<list>
							<ref bean="constraint.single" />
							<ref bean="constraint.hard.coded.singleUse.lo.repository" />
							<ref bean="constraint.hard.coded.singleUse.lo.repository" />
							<ref bean="constraint.required" />
							<ref bean="constraint.single" />
							<ref bean="constraint.lo.hierarchy.types" />
						</list>
					</property>
				</bean>
				<bean parent="dataFieldDescriptor">
					<property name="name" value="typeKey" />
					<property name="writeAccess" value="NEVER" />
					<property name="onChangeRefreshMetadata" value="false" />
					<property name="dataType" value="STRING" />
					<property name="constraints">
						<list>
							<ref bean="constraint.single" />
							<ref bean="constraint.lo.category.types" />
							<ref bean="constraint.required" />
							<ref bean="constraint.single" />
						</list>
					</property>
				</bean>
				<bean parent="dataFieldDescriptor">
					<property name="name" value="typeName" />
					<property name="writeAccess" value="NEVER" />
					<property name="onChangeRefreshMetadata" value="false" />
					<property name="dataType" value="STRING" />
					<property name="lookupContextPath" value="loRepository" />
					<property name="constraints">
						<list>
							<ref bean="constraint.single" />
						</list>
					</property>
				</bean>
				<bean parent="dataFieldDescriptor">
					<property name="name" value="state" />
					<property name="writeAccess" value="NEVER" />
					<property name="onChangeRefreshMetadata" value="false" />
					<property name="dataType" value="STRING" />
					<property name="defaultValue" value="" />
					<property name="constraints">
						<list>
							<ref bean="constraint.single" />
							<ref bean="constraint.required" />
							<ref bean="constraint.single" />
						</list>
					</property>
				</bean>
				<bean parent="dataFieldDescriptor">
					<property name="name" value="effectiveDate" />
					<property name="writeAccess" value="NEVER" />
					<property name="onChangeRefreshMetadata" value="false" />
					<property name="dataType" value="TRUNCATED_DATE" />
					<property name="constraints">
						<list>
							<ref bean="constraint.single" />
							<ref bean="constraint.required" />
							<ref bean="constraint.single" />
							<ref bean="constraint.date.time" />
						</list>
					</property>
				</bean>
				<bean parent="dataFieldDescriptor">
					<property name="name" value="expirationDate" />
					<property name="writeAccess" value="NEVER" />
					<property name="onChangeRefreshMetadata" value="false" />
					<property name="dataType" value="TRUNCATED_DATE" />
					<property name="constraints">
						<list>
							<ref bean="constraint.single" />
							<ref bean="constraint.optional" />
							<ref bean="constraint.single" />
							<ref bean="constraint.date.time" />
						</list>
					</property>
				</bean>
				<bean parent="dataFieldDescriptor">
					<property name="name" value="_runtimeData" />
					<property name="writeAccess" value="NEVER" />
					<property name="onChangeRefreshMetadata" value="false" />
					<property name="dataObjectStructure" ref="_runtimeData" />
					<property name="dataType" value="DATA" />
					<property name="constraints">
						<list>
							<ref bean="constraint.single" />
						</list>
					</property>
				</bean>
			</list>
		</property>
		<property name="name" value="category" />
	</bean>
	<bean id="childSingleUseLos" parent="dataObjectStructure">
		<property name="fields">
			<list>
				<bean parent="dataFieldDescriptor">
					<property name="name" value="id" />
					<property name="writeAccess" value="NEVER" />
					<property name="onChangeRefreshMetadata" value="false" />
					<property name="dataType" value="STRING" />
					<property name="constraints">
						<list>
							<ref bean="constraint.single" />
							<ref bean="constraint.hidden" />
							<ref bean="constraint.optional" />
							<ref bean="constraint.single" />
							<ref bean="constraint.kuali.id" />
						</list>
					</property>
				</bean>
				<bean parent="dataFieldDescriptor">
					<property name="name" value="childLo" />
					<property name="writeAccess" value="ALWAYS" />
					<property name="onChangeRefreshMetadata" value="false" />
					<property name="dataObjectStructure" ref="SingleUseLo" />
					<property name="dataType" value="DATA" />
					<property name="constraints">
						<list>
							<ref bean="constraint.single" />
						</list>
					</property>
				</bean>
				<bean parent="dataFieldDescriptor">
					<property name="name" value="effectiveDate" />
					<property name="writeAccess" value="NEVER" />
					<property name="onChangeRefreshMetadata" value="false" />
					<property name="dataType" value="TRUNCATED_DATE" />
					<property name="constraints">
						<list>
							<ref bean="constraint.single" />
							<ref bean="constraint.required" />
							<ref bean="constraint.single" />
							<ref bean="constraint.date.time" />
						</list>
					</property>
				</bean>
				<bean parent="dataFieldDescriptor">
					<property name="name" value="type" />
					<property name="writeAccess" value="NEVER" />
					<property name="onChangeRefreshMetadata" value="false" />
					<property name="dataType" value="STRING" />
					<property name="defaultValue" value="" />
					<property name="constraints">
						<list>
							<ref bean="constraint.single" />
							<ref bean="constraint.hard.coded.lolorealtion.includes" />
							<ref bean="constraint.hard.coded.lolorealtion.includes" />
							<ref bean="constraint.read.only" />
							<ref bean="constraint.required" />
							<ref bean="constraint.single" />
							<ref bean="constraint.lo.lo.relation.types" />
						</list>
					</property>
				</bean>
				<bean parent="dataFieldDescriptor">
					<property name="name" value="state" />
					<property name="writeAccess" value="NEVER" />
					<property name="onChangeRefreshMetadata" value="false" />
					<property name="dataType" value="STRING" />
					<property name="defaultValue" value="" />
					<property name="constraints">
						<list>
							<ref bean="constraint.single" />
							<ref bean="constraint.required" />
							<ref bean="constraint.single" />
							<ref bean="constraint.kuali.stateKey" />
						</list>
					</property>
				</bean>
				<bean parent="dataFieldDescriptor">
					<property name="name" value="sequence" />
					<property name="writeAccess" value="ALWAYS" />
					<property name="onChangeRefreshMetadata" value="false" />
					<property name="dataType" value="STRING" />
					<property name="constraints">
						<list>
							<ref bean="constraint.single" />
						</list>
					</property>
				</bean>
			</list>
		</property>
		<property name="name" value="childSingleUseLos" />
	</bean>
	<bean id="SingleUseLo" parent="dataObjectStructure">
		<property name="fields">
			<list>
				<bean parent="dataFieldDescriptor">
					<property name="name" value="id" />
					<property name="writeAccess" value="NEVER" />
					<property name="onChangeRefreshMetadata" value="false" />
					<property name="dataType" value="STRING" />
					<property name="constraints">
						<list>
							<ref bean="constraint.single" />
							<ref bean="constraint.hidden" />
							<ref bean="constraint.read.only" />
							<ref bean="constraint.single" />
							<ref bean="constraint.kuali.id" />
						</list>
					</property>
				</bean>
				<bean parent="dataFieldDescriptor">
					<property name="name" value="description" />
					<property name="writeAccess" value="ALWAYS" />
					<property name="onChangeRefreshMetadata" value="false" />
					<property name="dataObjectStructure" ref="description" />
					<property name="dataType" value="DATA" />
					<property name="constraints">
						<list>
							<ref bean="constraint.single" />
							<bean parent="constraint">
								<property name="serverSide" value="false" />
								<property name="minLength" value="1" />
								<property name="maxLength" value="250" />
							</bean>
							<ref bean="constraint.optional" />
							<ref bean="constraint.single" />
						</list>
					</property>
				</bean>
				<bean parent="dataFieldDescriptor">
					<property name="name" value="category" />
					<property name="writeAccess" value="ALWAYS" />
					<property name="onChangeRefreshMetadata" value="false" />
					<property name="dataObjectStructure" ref="category" />
					<property name="dataType" value="DATA" />
					<property name="constraints">
						<list>
							<ref bean="constraint.repeating" />
						</list>
					</property>
				</bean>
				<bean parent="dataFieldDescriptor">
					<property name="name" value="loRepository" />
					<property name="writeAccess" value="NEVER" />
					<property name="onChangeRefreshMetadata" value="false" />
					<property name="dataType" value="STRING" />
					<property name="defaultValue" value="" />
					<property name="constraints">
						<list>
							<ref bean="constraint.single" />
							<ref bean="constraint.hard.coded.singleUse.lo.repository" />
							<ref bean="constraint.hard.coded.singleUse.lo.repository" />
							<ref bean="constraint.required" />
							<ref bean="constraint.single" />
							<ref bean="constraint.lo.repositories" />
						</list>
					</property>
				</bean>
				<bean parent="dataFieldDescriptor">
					<property name="name" value="childSingleUseLos" />
					<property name="writeAccess" value="ALWAYS" />
					<property name="onChangeRefreshMetadata" value="false" />
					<property name="dataObjectStructure" ref="childSingleUseLos" />
					<property name="dataType" value="DATA" />
					<property name="constraints">
						<list>
							<ref bean="constraint.repeating" />
						</list>
					</property>
				</bean>
				<bean parent="dataFieldDescriptor">
					<property name="name" value="effectiveDate" />
					<property name="writeAccess" value="NEVER" />
					<property name="onChangeRefreshMetadata" value="false" />
					<property name="dataType" value="TRUNCATED_DATE" />
					<property name="constraints">
						<list>
							<ref bean="constraint.single" />
							<ref bean="constraint.required" />
							<ref bean="constraint.single" />
							<ref bean="constraint.date.time" />
						</list>
					</property>
				</bean>
				<bean parent="dataFieldDescriptor">
					<property name="name" value="type" />
					<property name="writeAccess" value="NEVER" />
					<property name="onChangeRefreshMetadata" value="false" />
					<property name="dataType" value="STRING" />
					<property name="defaultValue" value="" />
					<property name="constraints">
						<list>
							<ref bean="constraint.single" />
							<ref bean="constraint.hard.coded.singleUse.lo" />
							<ref bean="constraint.hard.coded.singleUse.lo" />
							<ref bean="constraint.required" />
							<ref bean="constraint.single" />
							<ref bean="constraint.lo.types" />
						</list>
					</property>
				</bean>
				<bean parent="dataFieldDescriptor">
					<property name="name" value="state" />
					<property name="writeAccess" value="NEVER" />
					<property name="onChangeRefreshMetadata" value="false" />
					<property name="dataType" value="STRING" />
					<property name="defaultValue" value="" />
					<property name="constraints">
						<list>
							<ref bean="constraint.single" />
							<ref bean="constraint.required" />
							<ref bean="constraint.single" />
							<ref bean="constraint.kuali.stateKey" />
						</list>
					</property>
				</bean>
				<bean parent="dataFieldDescriptor">
					<property name="name" value="_runtimeData" />
					<property name="writeAccess" value="NEVER" />
					<property name="onChangeRefreshMetadata" value="false" />
					<property name="dataObjectStructure" ref="_runtimeData" />
					<property name="dataType" value="DATA" />
					<property name="constraints">
						<list>
							<ref bean="constraint.single" />
						</list>
					</property>
				</bean>
			</list>
		</property>
		<property name="name" value="childLo" />
	</bean>
	<bean id="contactHours" parent="dataObjectStructure">
		<property name="fields">
			<list>
				<bean parent="dataFieldDescriptor">
					<property name="name" value="per" />
					<property name="writeAccess" value="ALWAYS" />
					<property name="onChangeRefreshMetadata" value="false" />
					<property name="dataType" value="STRING" />
					<property name="defaultValue" value="" />
					<property name="constraints">
						<list>
							<ref bean="constraint.single" />
							<ref bean="constraint.required" />
							<ref bean="constraint.single" />
							<ref bean="constraint.unit.types" />
						</list>
					</property>
					<property name="initialLookup">
						<bean parent="lookup">
							<property name="searchTypeId" value="atp.search.atpDurationTypes" />
							<property name="name" value="All ATP Duration Types" />
							<property name="desc"
								value="Returns the list of all ATP Duration Types" />
							<property name="results">
								<list>
									<bean parent="result">
										<property name="dataType" value="STRING" />
										<property name="desc" value="ATP Duration Type Key" />
										<property name="hidden" value="false" />
										<property name="key" value="atp.resultColumn.atpDurationTypeKey" />
										<property name="name" value="ATP Duration Type Key" />
									</bean>
									<bean parent="result">
										<property name="dataType" value="STRING" />
										<property name="desc" value="Duration Type Name" />
										<property name="hidden" value="false" />
										<property name="key" value="atp.resultColumn.atpDurationTypeName" />
										<property name="name" value="Duration Type Name" />
									</bean>
								</list>
							</property>
							<property name="resultReturnKey" value="atp.resultColumn.atpDurationTypeKey" />
							<property name="resultDisplayKey" value="atp.resultColumn.atpDurationTypeName" />
							<property name="resultSortKey" value="atp.resultColumn.atpDurationTypeName" />
							<property name="usage" value="DEFAULT" />
							<property name="id" value="kuali.lookup.durations" />
						</bean>
					</property>
				</bean>
				<bean parent="dataFieldDescriptor">
					<property name="name" value="hrs" />
					<property name="writeAccess" value="ALWAYS" />
					<property name="onChangeRefreshMetadata" value="false" />
					<property name="dataType" value="INTEGER" />
					<property name="constraints">
						<list>
							<ref bean="constraint.single" />
							<ref bean="constraint.non-negative.integer" />
							<bean parent="constraint">
								<property name="serverSide" value="false" />
								<property name="minLength" value="1" />
								<property name="maxLength" value="2" />
								<property name="minValue" value="0" />
								<property name="maxValue" value="40" />
							</bean>
							<ref bean="constraint.required" />
							<ref bean="constraint.single" />
							<ref bean="constraint.decimal" />
						</list>
					</property>
				</bean>
			</list>
		</property>
		<property name="name" value="contactHours" />
	</bean>
	<bean id="course" parent="dataObjectStructure">
		<property name="fields">
			<list>
				<bean parent="dataFieldDescriptor">
					<property name="name" value="id" />
					<property name="writeAccess" value="ALWAYS" />
					<property name="onChangeRefreshMetadata" value="false" />
					<property name="dataType" value="STRING" />
					<property name="constraints">
						<list>
							<ref bean="constraint.single" />
							<ref bean="constraint.hidden" />
							<ref bean="constraint.read.only" />
							<ref bean="constraint.single" />
							<ref bean="constraint.kuali.id" />
						</list>
					</property>
				</bean>
				<bean parent="dataFieldDescriptor">
					<property name="name" value="formats" />
					<property name="writeAccess" value="ALWAYS" />
					<property name="onChangeRefreshMetadata" value="false" />
					<property name="dataObjectStructure" ref="formats" />
					<property name="dataType" value="DATA" />
					<property name="constraints">
						<list>
							<ref bean="constraint.repeating" />
							<bean parent="constraint">
								<property name="serverSide" value="false" />
								<property name="minOccurs" value="1" />
							</bean>
						</list>
					</property>
				</bean>
				<bean parent="dataFieldDescriptor">
					<property name="name" value="termsOffered" />
					<property name="writeAccess" value="ALWAYS" />
					<property name="onChangeRefreshMetadata" value="false" />
					<property name="dataType" value="STRING" />
					<property name="constraints">
						<list>
							<ref bean="constraint.single" />
							<ref bean="constraint.required" />
							<ref bean="constraint.optional" />
							<ref bean="constraint.repeating" />
							<ref bean="constraint.atp.types" />
						</list>
					</property>
					<property name="initialLookup">
						<bean parent="lookup">
							<property name="searchTypeId" value="atp.search.atpTypes" />
							<property name="name" value="All ATP types" />
							<property name="desc" value="Returns the list of all ATP Types" />
							<property name="results">
								<list>
									<bean parent="result">
										<property name="dataType" value="STRING" />
										<property name="desc" value="Identifier for an ATP Type" />
										<property name="hidden" value="false" />
										<property name="key" value="atp.resultColumn.atpTypeId" />
										<property name="name" value="ATP Type Identifier" />
									</bean>
									<bean parent="result">
										<property name="dataType" value="STRING" />
										<property name="desc" value="Type of the ATP." />
										<property name="hidden" value="false" />
										<property name="key" value="atp.resultColumn.atpTypeName" />
										<property name="name" value="Type Name" />
									</bean>
								</list>
							</property>
							<property name="resultReturnKey" value="atp.resultColumn.atpTypeId" />
							<property name="resultDisplayKey" value="atp.resultColumn.atpTypeName" />
							<property name="resultSortKey" value="atp.resultColumn.atpTypeName" />
							<property name="usage" value="DEFAULT" />
							<property name="id" value="kuali.lookup.termsOfferred" />
						</bean>
					</property>
				</bean>
				<bean parent="dataFieldDescriptor">
					<property name="name" value="firstExpectedOffering" />
					<property name="writeAccess" value="ALWAYS" />
					<property name="onChangeRefreshMetadata" value="false" />
					<property name="dataType" value="STRING" />
					<property name="constraints">
						<list>
							<ref bean="constraint.single" />
							<ref bean="constraint.required" />
							<ref bean="constraint.optional" />
							<ref bean="constraint.single" />
							<ref bean="constraint.atp.types" />
						</list>
					</property>
					<property name="initialLookup">
						<bean parent="lookup">
							<property name="searchTypeId" value="atp.search.advancedAtpSearch" />
							<property name="name" value="Advanced ATP match" />
							<property name="desc"
								value="Search by Name, start date, end date, and type" />
							<property name="params">
								<list>
									<bean parent="param">
										<property name="key"
											value="atp.advancedAtpSearchParam.atpShortName" />
										<property name="writeAccess" value="ALWAYS" />
										<property name="dataType" value="STRING" />
										<property name="optional" value="true" />
										<property name="name" value="ATP Short Name" />
										<property name="desc"
											value="Short name for the ATP, recorded as the default listing" />
										<property name="caseSensitive" value="false" />
										<property name="usage" value="DEFAULT" />
										<property name="widget" value="SUGGEST_BOX" />
									</bean>
									<bean parent="param">
										<property name="key"
											value="atp.advancedAtpSearchParam.atpStartDate" />
										<property name="writeAccess" value="ALWAYS" />
										<property name="dataType" value="TRUNCATED_DATE" />
										<property name="optional" value="true" />
										<property name="name" value="Start Date" />
										<property name="desc" value="Start date of the ATP" />
										<property name="caseSensitive" value="true" />
										<property name="usage" value="ADVANCED" />
										<property name="widget" value="CALENDAR" />
									</bean>
									<bean parent="param">
										<property name="key"
											value="atp.advancedAtpSearchParam.atpEndDate" />
										<property name="writeAccess" value="ALWAYS" />
										<property name="dataType" value="TRUNCATED_DATE" />
										<property name="optional" value="true" />
										<property name="name" value="End Date" />
										<property name="desc" value="End date of the ATP." />
										<property name="caseSensitive" value="true" />
										<property name="usage" value="CUSTOM" />
										<property name="widget" value="CALENDAR" />
									</bean>
									<bean parent="param">
										<property name="key" value="atp.advancedAtpSearchParam.atpType" />
										<property name="writeAccess" value="ALWAYS" />
										<property name="dataType" value="STRING" />
										<property name="optional" value="true" />
										<property name="name" value="Type" />
										<property name="desc" value="Type of the ATP" />
										<property name="caseSensitive" value="false" />
										<property name="usage" value="ADVANCED" />
										<property name="widget" value="DROPDOWN_LIST" />
									</bean>
								</list>
							</property>
							<property name="results">
								<list>
									<bean parent="result">
										<property name="dataType" value="STRING" />
										<property name="desc" value="Identifier for the ATP" />
										<property name="hidden" value="false" />
										<property name="key" value="atp.resultColumn.atpId" />
										<property name="name" value="ATP Identifier" />
									</bean>
									<bean parent="result">
										<property name="dataType" value="STRING" />
										<property name="desc" value="Will return Season Type." />
										<property name="hidden" value="false" />
										<property name="key" value="atp.resultColumn.atpSeasonalType" />
										<property name="name" value="Season Type" />
									</bean>
									<bean parent="result">
										<property name="dataType" value="STRING" />
										<property name="desc" value="Will return Duration Type" />
										<property name="hidden" value="false" />
										<property name="key" value="atp.resultColumn.atpDurType" />
										<property name="name" value="Duration Type" />
									</bean>
									<bean parent="result">
										<property name="dataType" value="TRUNCATED_DATE" />
										<property name="desc" value="Start Date of the ATP" />
										<property name="hidden" value="false" />
										<property name="key" value="atp.resultColumn.atpStartDate" />
										<property name="name" value="Start Date" />
									</bean>
									<bean parent="result">
										<property name="dataType" value="STRING" />
										<property name="desc" value="Type of the ATP." />
										<property name="hidden" value="false" />
										<property name="key" value="atp.resultColumn.atpTypeName" />
										<property name="name" value="Type Name" />
									</bean>
								</list>
							</property>
							<property name="resultReturnKey" value="atp.resultColumn.atpId" />
							<property name="resultDisplayKey" value="atp.resultColumn.atpSeasonalType" />
							<property name="resultSortKey" value="atp.resultColumn.atpSeasonalType" />
							<property name="usage" value="DEFAULT" />
							<property name="id" value="kuali.lookup.terms" />
						</bean>
					</property>
				</bean>
				<bean parent="dataFieldDescriptor">
					<property name="name" value="duration" />
					<property name="writeAccess" value="ALWAYS" />
					<property name="onChangeRefreshMetadata" value="false" />
					<property name="dataObjectStructure" ref="duration" />
					<property name="dataType" value="DATA" />
					<property name="constraints">
						<list>
							<ref bean="constraint.single" />
							<ref bean="constraint.required" />
							<ref bean="constraint.optional" />
							<ref bean="constraint.single" />
						</list>
					</property>
				</bean>
				<bean parent="dataFieldDescriptor">
					<property name="name" value="transcriptTitle" />
					<property name="writeAccess" value="ALWAYS" />
					<property name="onChangeRefreshMetadata" value="false" />
					<property name="dataType" value="STRING" />
					<property name="constraints">
						<list>
							<ref bean="constraint.single" />
							<ref bean="constraint.required" />
							<bean parent="constraint">
								<property name="serverSide" value="false" />
								<property name="maxLength" value="20" />
							</bean>
							<ref bean="constraint.optional" />
							<ref bean="constraint.single" />
							<ref bean="constraint.single.line.text" />
						</list>
					</property>
				</bean>
				<bean parent="dataFieldDescriptor">
					<property name="name" value="courseTitle" />
					<property name="writeAccess" value="ALWAYS" />
					<property name="onChangeRefreshMetadata" value="false" />
					<property name="dataType" value="STRING" />
					<property name="constraints">
						<list>
							<ref bean="constraint.single" />
							<ref bean="constraint.required" />
							<bean parent="constraint">
								<property name="serverSide" value="false" />
								<property name="maxLength" value="60" />
							</bean>
							<ref bean="constraint.optional" />
							<ref bean="constraint.single" />
							<ref bean="constraint.single.line.text" />
						</list>
					</property>
				</bean>
				<bean parent="dataFieldDescriptor">
					<property name="name" value="description" />
					<property name="writeAccess" value="ALWAYS" />
					<property name="onChangeRefreshMetadata" value="false" />
					<property name="dataObjectStructure" ref="description" />
					<property name="dataType" value="DATA" />
					<property name="constraints">
						<list>
							<ref bean="constraint.single" />
							<ref bean="constraint.required" />
							<ref bean="constraint.optional" />
							<ref bean="constraint.single" />
						</list>
					</property>
				</bean>
				<bean parent="dataFieldDescriptor">
					<property name="name" value="department" />
					<property name="writeAccess" value="ALWAYS" />
					<property name="onChangeRefreshMetadata" value="false" />
					<property name="dataType" value="STRING" />
					<property name="lookupContextPath" value="proposal.proposerPerson" />
					<property name="constraints">
						<list>
							<ref bean="constraint.single" />
							<ref bean="constraint.required" />
							<ref bean="constraint.single" />
							<ref bean="constraint.related.orgId" />
						</list>
					</property>
					<property name="initialLookup">
						<bean parent="lookup">
							<property name="searchTypeId" value="org.search.advanced" />
							<property name="name" value="Basic and Advanced Search" />
							<property name="desc"
								value="Query with multiple optional elements to satisfy most advanced pickers" />
							<property name="params">
								<list>
									<bean parent="param">
										<property name="key" value="org.queryParam.orgOptionalLongName" />
										<property name="writeAccess" value="ALWAYS" />
										<property name="dataType" value="STRING" />
										<property name="optional" value="true" />
										<property name="name" value="Organization Name" />
										<property name="desc" value="Long organization name." />
										<property name="caseSensitive" value="false" />
										<property name="usage" value="DEFAULT" />
										<property name="widget" value="SUGGEST_BOX" />
									</bean>
									<bean parent="param">
										<property name="key" value="org.queryParam.orgOptionalLocation" />
										<property name="writeAccess" value="ALWAYS" />
										<property name="dataType" value="STRING" />
										<property name="optional" value="true" />
										<property name="name" value="Location" />
										<property name="desc" value="Organization location." />
										<property name="caseSensitive" value="false" />
										<property name="usage" value="ADVANCED" />
										<property name="widget" value="TEXT_BOX" />
									</bean>
									<bean parent="param">
										<property name="key" value="org.queryParam.orgOptionalId" />
										<property name="writeAccess" value="ALWAYS" />
										<property name="dataType" value="STRING" />
										<property name="optional" value="true" />
										<property name="name" value="Id" />
										<property name="desc"
											value="Unique identifier for an organization." />
										<property name="caseSensitive" value="true" />
										<property name="usage" value="CUSTOM" />
									</bean>
									<bean parent="param">
										<property name="key" value="org.queryParam.orgOptionalShortName" />
										<property name="writeAccess" value="ALWAYS" />
										<property name="dataType" value="STRING" />
										<property name="optional" value="true" />
										<property name="name" value="Organization Name" />
										<property name="desc" value="Short organization name." />
										<property name="caseSensitive" value="false" />
										<property name="usage" value="ADVANCED" />
										<property name="widget" value="SUGGEST_BOX" />
									</bean>
									<bean parent="param">
										<property name="key" value="org.queryParam.orgOptionalType" />
										<property name="writeAccess" value="NEVER" />
										<property name="dataType" value="STRING" />
										<property name="optional" value="true" />
										<property name="name" value="Org Type" />
										<property name="desc" value="Type of an organization." />
										<property name="caseSensitive" value="true" />
									</bean>
								</list>
							</property>
							<property name="results">
								<list>
									<bean parent="result">
										<property name="dataType" value="STRING" />
										<property name="desc" value="Identifier for the organization" />
										<property name="hidden" value="false" />
										<property name="key" value="org.resultColumn.orgId" />
										<property name="name" value="Organization Identifier" />
									</bean>
									<bean parent="result">
										<property name="dataType" value="STRING" />
										<property name="desc"
											value="Short name for the organization, recorded as the default listing" />
										<property name="hidden" value="false" />
										<property name="key" value="org.resultColumn.orgShortName" />
										<property name="name" value="Organization Short Name" />
									</bean>
									<bean parent="result">
										<property name="dataType" value="STRING" />
										<property name="desc"
											value="Long name for the organization, recorded as the default listing." />
										<property name="hidden" value="false" />
										<property name="key" value="org.resultColumn.orgOptionalLongName" />
										<property name="name" value="Name" />
									</bean>
									<bean parent="result">
										<property name="dataType" value="STRING" />
										<property name="desc" value="Organization Type" />
										<property name="hidden" value="false" />
										<property name="key" value="org.resultColumn.orgType" />
										<property name="name" value="Organization Type" />
									</bean>
								</list>
							</property>
							<property name="resultReturnKey" value="org.resultColumn.orgId" />
							<property name="resultDisplayKey" value="org.resultColumn.orgShortName" />
							<property name="resultSortKey" value="org.resultColumn.orgShortName" />
							<property name="usage" value="DEFAULT" />
							<property name="id" value="kuali.lu.lookup.admin.departments" />
						</bean>
					</property>
				</bean>
				<bean parent="dataFieldDescriptor">
					<property name="name" value="subjectArea" />
					<property name="writeAccess" value="ALWAYS" />
					<property name="onChangeRefreshMetadata" value="false" />
					<property name="dataType" value="STRING" />
					<property name="lookupContextPath" value="department" />
					<property name="constraints">
						<list>
							<ref bean="constraint.single" />
							<ref bean="constraint.required" />
							<ref bean="constraint.subject.areas" />
							<ref bean="constraint.optional" />
							<ref bean="constraint.single" />
							<ref bean="constraint.code" />
						</list>
					</property>
				</bean>
				<bean parent="dataFieldDescriptor">
					<property name="name" value="courseNumberSuffix" />
					<property name="writeAccess" value="ALWAYS" />
					<property name="onChangeRefreshMetadata" value="false" />
					<property name="dataType" value="STRING" />
					<property name="lookupContextPath" value="subjectArea" />
					<property name="constraints">
						<list>
							<ref bean="constraint.single" />
							<ref bean="constraint.required" />
							<ref bean="constraint.available.course.numbers" />
							<ref bean="constraint.optional" />
							<ref bean="constraint.single" />
							<ref bean="constraint.code" />
						</list>
					</property>
				</bean>
				<bean parent="dataFieldDescriptor">
					<property name="name" value="crossListings" />
					<property name="writeAccess" value="ALWAYS" />
					<property name="onChangeRefreshMetadata" value="false" />
					<property name="dataObjectStructure" ref="crossListings" />
					<property name="dataType" value="DATA" />
					<property name="constraints">
						<list>
							<ref bean="constraint.repeating" />
						</list>
					</property>
				</bean>
				<bean parent="dataFieldDescriptor">
					<property name="name" value="versions" />
					<property name="writeAccess" value="ALWAYS" />
					<property name="onChangeRefreshMetadata" value="false" />
					<property name="dataObjectStructure" ref="versions" />
					<property name="dataType" value="DATA" />
					<property name="constraints">
						<list>
							<ref bean="constraint.repeating" />
						</list>
					</property>
				</bean>
				<bean parent="dataFieldDescriptor">
					<property name="name" value="joints" />
					<property name="writeAccess" value="ALWAYS" />
					<property name="onChangeRefreshMetadata" value="false" />
					<property name="dataObjectStructure" ref="joints" />
					<property name="dataType" value="DATA" />
					<property name="constraints">
						<list>
							<ref bean="constraint.repeating" />
						</list>
					</property>
				</bean>
				<bean parent="dataFieldDescriptor">
					<property name="name" value="finalResults" />
					<property name="writeAccess" value="ALWAYS" />
					<property name="onChangeRefreshMetadata" value="false" />
					<property name="dataType" value="STRING" />
					<property name="constraints">
						<list>
							<ref bean="constraint.single" />
						</list>
					</property>
				</bean>
				<bean parent="dataFieldDescriptor">
					<property name="name" value="fees" />
					<property name="writeAccess" value="ALWAYS" />
					<property name="onChangeRefreshMetadata" value="false" />
					<property name="dataObjectStructure" ref="fees" />
					<property name="dataType" value="DATA" />
					<property name="constraints">
						<list>
							<ref bean="constraint.repeating" />
						</list>
					</property>
				</bean>
				<bean parent="dataFieldDescriptor">
					<property name="name" value="state" />
					<property name="writeAccess" value="ALWAYS" />
					<property name="onChangeRefreshMetadata" value="false" />
					<property name="dataType" value="STRING" />
					<property name="defaultValue" value="" />
					<property name="constraints">
						<list>
							<ref bean="constraint.single" />
							<ref bean="constraint.required" />
							<ref bean="constraint.single" />
							<ref bean="constraint.kuali.stateKey" />
							<ref bean="constraint.lu.states" />
						</list>
					</property>
				</bean>
				<bean parent="dataFieldDescriptor">
					<property name="name" value="type" />
					<property name="writeAccess" value="ON_CREATE" />
					<property name="onChangeRefreshMetadata" value="false" />
					<property name="dataType" value="STRING" />
					<property name="defaultValue" value="" />
					<property name="constraints">
						<list>
							<ref bean="constraint.single" />
							<ref bean="constraint.required" />
							<ref bean="constraint.single" />
							<ref bean="constraint.kuali.type" />
							<ref bean="constraint.lu.types" />
						</list>
					</property>
				</bean>
				<bean parent="dataFieldDescriptor">
					<property name="name" value="effectiveDate" />
					<property name="writeAccess" value="ALWAYS" />
					<property name="onChangeRefreshMetadata" value="false" />
					<property name="dataType" value="TRUNCATED_DATE" />
					<property name="constraints">
						<list>
							<ref bean="constraint.single" />
							<ref bean="constraint.default.today" />
							<ref bean="constraint.required" />
							<ref bean="constraint.single" />
							<ref bean="constraint.date.time" />
						</list>
					</property>
				</bean>
				<bean parent="dataFieldDescriptor">
					<property name="name" value="expirationDate" />
					<property name="writeAccess" value="ALWAYS" />
					<property name="onChangeRefreshMetadata" value="false" />
					<property name="dataType" value="TRUNCATED_DATE" />
					<property name="constraints">
						<list>
							<ref bean="constraint.single" />
							<ref bean="constraint.optional" />
							<ref bean="constraint.single" />
							<ref bean="constraint.date.time" />
						</list>
					</property>
				</bean>
				<bean parent="dataFieldDescriptor">
					<property name="name" value="academicSubjectOrgs" />
					<property name="writeAccess" value="ALWAYS" />
					<property name="onChangeRefreshMetadata" value="false" />
					<property name="dataType" value="STRING" />
					<property name="constraints">
						<list>
							<ref bean="constraint.repeating" />
							<ref bean="constraint.optional" />
							<ref bean="constraint.repeating" />
						</list>
					</property>
					<property name="initialLookup">
						<bean parent="lookup">
							<property name="searchTypeId" value="org.search.advanced" />
							<property name="name" value="Basic and Advanced Search" />
							<property name="desc"
								value="Query with multiple optional elements to satisfy most advanced pickers" />
							<property name="params">
								<list>
									<bean parent="param">
										<property name="key" value="org.queryParam.orgOptionalLongName" />
										<property name="writeAccess" value="ALWAYS" />
										<property name="dataType" value="STRING" />
										<property name="optional" value="true" />
										<property name="name" value="Organization Name" />
										<property name="desc" value="Long organization name." />
										<property name="caseSensitive" value="false" />
										<property name="usage" value="DEFAULT" />
										<property name="widget" value="CHECK_BOXES" />
									</bean>
									<bean parent="param">
										<property name="key" value="org.queryParam.orgOptionalLocation" />
										<property name="writeAccess" value="ALWAYS" />
										<property name="dataType" value="STRING" />
										<property name="optional" value="true" />
										<property name="name" value="Location" />
										<property name="desc" value="Organization location." />
										<property name="caseSensitive" value="false" />
										<property name="usage" value="ADVANCED" />
										<property name="widget" value="TEXT_BOX" />
									</bean>
									<bean parent="param">
										<property name="key" value="org.queryParam.orgOptionalId" />
										<property name="writeAccess" value="ALWAYS" />
										<property name="dataType" value="STRING" />
										<property name="optional" value="true" />
										<property name="name" value="Id" />
										<property name="desc"
											value="Unique identifier for an organization." />
										<property name="caseSensitive" value="true" />
										<property name="usage" value="CUSTOM" />
									</bean>
									<bean parent="param">
										<property name="key" value="org.queryParam.orgOptionalShortName" />
										<property name="writeAccess" value="ALWAYS" />
										<property name="dataType" value="STRING" />
										<property name="optional" value="true" />
										<property name="name" value="Organization Name" />
										<property name="desc" value="Short organization name." />
										<property name="caseSensitive" value="false" />
										<property name="usage" value="ADVANCED" />
										<property name="widget" value="SUGGEST_BOX" />
									</bean>
									<bean parent="param">
										<property name="key" value="org.queryParam.orgOptionalType" />
										<property name="writeAccess" value="NEVER" />
										<property name="dataType" value="STRING" />
										<property name="optional" value="true" />
										<property name="name" value="Org Type" />
										<property name="desc" value="Type of an organization." />
										<property name="caseSensitive" value="true" />
									</bean>
								</list>
							</property>
							<property name="results">
								<list>
									<bean parent="result">
										<property name="dataType" value="STRING" />
										<property name="desc" value="Identifier for the organization" />
										<property name="hidden" value="false" />
										<property name="key" value="org.resultColumn.orgId" />
										<property name="name" value="Organization Identifier" />
									</bean>
									<bean parent="result">
										<property name="dataType" value="STRING" />
										<property name="desc"
											value="Short name for the organization, recorded as the default listing" />
										<property name="hidden" value="false" />
										<property name="key" value="org.resultColumn.orgShortName" />
										<property name="name" value="Organization Short Name" />
									</bean>
									<bean parent="result">
										<property name="dataType" value="STRING" />
										<property name="desc"
											value="Long name for the organization, recorded as the default listing." />
										<property name="hidden" value="false" />
										<property name="key" value="org.resultColumn.orgOptionalLongName" />
										<property name="name" value="Name" />
									</bean>
									<bean parent="result">
										<property name="dataType" value="STRING" />
										<property name="desc" value="Organization Type" />
										<property name="hidden" value="false" />
										<property name="key" value="org.resultColumn.orgType" />
										<property name="name" value="Organization Type" />
									</bean>
								</list>
							</property>
							<property name="resultReturnKey" value="org.resultColumn.orgId" />
							<property name="resultDisplayKey" value="org.resultColumn.orgShortName" />
							<property name="resultSortKey" value="org.resultColumn.orgShortName" />
							<property name="usage" value="DEFAULT" />
							<property name="id" value="kuali.lu.lookup.oversight.orgs" />
						</bean>
					</property>
				</bean>
				<bean parent="dataFieldDescriptor">
					<property name="name" value="campusLocations" />
					<property name="writeAccess" value="ALWAYS" />
					<property name="onChangeRefreshMetadata" value="false" />
					<property name="dataType" value="STRING" />
					<property name="constraints">
						<list>
							<ref bean="constraint.repeating" />
							<ref bean="constraint.required" />
							<ref bean="constraint.optional" />
							<ref bean="constraint.repeating" />
							<ref bean="constraint.code" />
						</list>
					</property>
				</bean>
				<bean parent="dataFieldDescriptor">
					<property name="name" value="primaryInstructor" />
					<property name="writeAccess" value="ALWAYS" />
					<property name="onChangeRefreshMetadata" value="false" />
					<property name="dataType" value="STRING" />
					<property name="lookupContextPath" value="department" />
					<property name="constraints">
						<list>
							<ref bean="constraint.single" />
							<ref bean="constraint.optional" />
							<ref bean="constraint.single" />
						</list>
					</property>
					<property name="initialLookup">
						<bean parent="lookup">
							<property name="searchTypeId"
								value="person.search.personQuickViewByGivenName" />
							<property name="name" value="All org hierarchies" />
							<property name="desc"
								value="Returns all org hierarchies, name and id" />
							<property name="params">
								<list>
									<bean parent="param">
										<property name="key" value="person.queryParam.personGivenName" />
										<property name="writeAccess" value="ALWAYS" />
										<property name="dataType" value="STRING" />
										<property name="optional" value="false" />
										<property name="name" value="Name Lookup Field" />
										<property name="desc" value="Name of person" />
										<property name="caseSensitive" value="false" />
										<property name="widget" value="SUGGEST_BOX" />
									</bean>
									<bean parent="param">
										<property name="key" value="person.queryParam.personAffiliation" />
										<property name="writeAccess" value="ALWAYS" />
										<property name="dataType" value="STRING" />
										<property name="optional" value="true" />
										<property name="name" value="Affiliatilon Type" />
										<property name="desc"
											value="How the person is affiliated with the school" />
										<property name="caseSensitive" value="true" />
									</bean>
								</list>
							</property>
							<property name="results">
								<list>
									<bean parent="result">
										<property name="dataType" value="STRING" />
										<property name="desc" value="Internal id" />
										<property name="hidden" value="false" />
										<property name="key" value="person.resultColumn.PersonId" />
										<property name="name" value="Internal person id" />
									</bean>
									<bean parent="result">
										<property name="dataType" value="STRING" />
										<property name="desc" value="Internal id" />
										<property name="hidden" value="false" />
										<property name="key" value="person.resultColumn.GivenName" />
										<property name="name" value="Given name of person" />
									</bean>
								</list>
							</property>
							<property name="resultReturnKey" value="person.resultColumn.PersonId" />
							<property name="resultDisplayKey" value="person.resultColumn.GivenName" />
							<property name="resultSortKey" value="person.resultColumn.GivenName" />
							<property name="usage" value="DEFAULT" />
							<property name="id" value="kuali.lookup.people" />
						</bean>
					</property>
				</bean>
				<bean parent="dataFieldDescriptor">
					<property name="name" value="courseSpecificLOs" />
					<property name="writeAccess" value="ALWAYS" />
					<property name="onChangeRefreshMetadata" value="false" />
					<property name="dataObjectStructure" ref="courseSpecificLOs" />
					<property name="dataType" value="DATA" />
					<property name="constraints">
						<list>
							<ref bean="constraint.repeating" />
						</list>
					</property>
				</bean>
				<bean parent="dataFieldDescriptor">
					<property name="name" value="_runtimeData" />
					<property name="writeAccess" value="NEVER" />
					<property name="onChangeRefreshMetadata" value="false" />
					<property name="dataObjectStructure" ref="_runtimeData" />
					<property name="dataType" value="DATA" />
					<property name="constraints">
						<list>
							<ref bean="constraint.single" />
						</list>
					</property>
				</bean>
			</list>
		</property>
		<property name="name" value="course" />
	</bean>
	<bean id="description" parent="dataObjectStructure">
		<property name="fields">
			<list>
				<bean parent="dataFieldDescriptor">
					<property name="name" value="plain" />
					<property name="writeAccess" value="ALWAYS" />
					<property name="onChangeRefreshMetadata" value="false" />
					<property name="dataType" value="STRING" />
					<property name="constraints">
						<list>
							<ref bean="constraint.read.only" />
							<ref bean="constraint.single" />
							<ref bean="constraint.multi.line.text" />
							<bean parent="constraint">
								<property name="serverSide" value="false" />
							</bean>
						</list>
					</property>
				</bean>
				<bean parent="dataFieldDescriptor">
					<property name="name" value="formatted" />
					<property name="writeAccess" value="ALWAYS" />
					<property name="onChangeRefreshMetadata" value="false" />
					<property name="dataType" value="STRING" />
					<property name="constraints">
						<list>
							<ref bean="constraint.optional" />
							<ref bean="constraint.single" />
							<ref bean="constraint.rich.text" />
							<bean parent="constraint">
								<property name="serverSide" value="false" />
							</bean>
						</list>
					</property>
				</bean>
			</list>
		</property>
		<property name="name" value="description" />
	</bean>
	<bean id="duration" parent="dataObjectStructure">
		<property name="fields">
			<list>
				<bean parent="dataFieldDescriptor">
					<property name="name" value="timeUnit" />
					<property name="writeAccess" value="ALWAYS" />
					<property name="onChangeRefreshMetadata" value="false" />
					<property name="dataType" value="STRING" />
					<property name="defaultValue" value="" />
					<property name="constraints">
						<list>
							<ref bean="constraint.single" />
							<ref bean="constraint.valid.duration.types" />
							<ref bean="constraint.optional" />
							<ref bean="constraint.single" />
							<ref bean="constraint.duration.types" />
						</list>
					</property>
					<property name="initialLookup">
						<bean parent="lookup">
							<property name="searchTypeId" value="atp.search.atpDurationTypes" />
							<property name="name" value="All ATP Duration Types" />
							<property name="desc"
								value="Returns the list of all ATP Duration Types" />
							<property name="results">
								<list>
									<bean parent="result">
										<property name="dataType" value="STRING" />
										<property name="desc" value="ATP Duration Type Key" />
										<property name="hidden" value="false" />
										<property name="key" value="atp.resultColumn.atpDurationTypeKey" />
										<property name="name" value="ATP Duration Type Key" />
									</bean>
									<bean parent="result">
										<property name="dataType" value="STRING" />
										<property name="desc" value="Duration Type Name" />
										<property name="hidden" value="false" />
										<property name="key" value="atp.resultColumn.atpDurationTypeName" />
										<property name="name" value="Duration Type Name" />
									</bean>
								</list>
							</property>
							<property name="resultReturnKey" value="atp.resultColumn.atpDurationTypeKey" />
							<property name="resultDisplayKey" value="atp.resultColumn.atpDurationTypeName" />
							<property name="resultSortKey" value="atp.resultColumn.atpDurationTypeName" />
							<property name="usage" value="DEFAULT" />
							<property name="id" value="kuali.lookup.durations" />
						</bean>
					</property>
				</bean>
				<bean parent="dataFieldDescriptor">
					<property name="name" value="quantity" />
					<property name="writeAccess" value="ALWAYS" />
					<property name="onChangeRefreshMetadata" value="false" />
					<property name="dataType" value="INTEGER" />
					<property name="constraints">
						<list>
							<ref bean="constraint.single" />
							<ref bean="constraint.hard.coded.one" />
							<ref bean="constraint.read.only" />
							<ref bean="constraint.optional" />
							<ref bean="constraint.single" />
							<ref bean="constraint.integer" />
						</list>
					</property>
				</bean>
			</list>
		</property>
		<property name="name" value="duration" />
	</bean>
	<bean id="metaInfo" parent="dataObjectStructure">
		<property name="fields">
			<list>
				<bean parent="dataFieldDescriptor">
					<property name="name" value="versionInd" />
					<property name="writeAccess" value="NEVER" />
					<property name="onChangeRefreshMetadata" value="false" />
					<property name="dataType" value="STRING" />
					<property name="constraints">
						<list>
							<ref bean="constraint.required" />
							<ref bean="constraint.single" />
							<ref bean="constraint.calc.meta.versionInd" />
							<ref bean="constraint.read.only" />
						</list>
					</property>
				</bean>
				<bean parent="dataFieldDescriptor">
					<property name="name" value="createTime" />
					<property name="writeAccess" value="NEVER" />
					<property name="onChangeRefreshMetadata" value="false" />
					<property name="dataType" value="DATE" />
					<property name="constraints">
						<list>
							<ref bean="constraint.required" />
							<ref bean="constraint.single" />
							<ref bean="constraint.date.time" />
							<ref bean="constraint.default.now" />
						</list>
					</property>
				</bean>
				<bean parent="dataFieldDescriptor">
					<property name="name" value="createId" />
					<property name="writeAccess" value="NEVER" />
					<property name="onChangeRefreshMetadata" value="false" />
					<property name="dataType" value="STRING" />
					<property name="constraints">
						<list>
							<ref bean="constraint.read.only" />
							<ref bean="constraint.single" />
							<ref bean="constraint.related.principalId" />
							<ref bean="constraint.default.authenicated.principalId" />
						</list>
					</property>
				</bean>
				<bean parent="dataFieldDescriptor">
					<property name="name" value="updateTime" />
					<property name="writeAccess" value="NEVER" />
					<property name="onChangeRefreshMetadata" value="false" />
					<property name="dataType" value="DATE" />
					<property name="constraints">
						<list>
							<ref bean="constraint.required" />
							<ref bean="constraint.single" />
							<ref bean="constraint.date.time" />
							<ref bean="constraint.calc.now" />
						</list>
					</property>
				</bean>
				<bean parent="dataFieldDescriptor">
					<property name="name" value="updateId" />
					<property name="writeAccess" value="NEVER" />
					<property name="onChangeRefreshMetadata" value="false" />
					<property name="dataType" value="STRING" />
					<property name="constraints">
						<list>
							<ref bean="constraint.read.only" />
							<ref bean="constraint.single" />
							<ref bean="constraint.related.principalId" />
							<ref bean="constraint.calc.authenicated.principalId" />
						</list>
					</property>
				</bean>
			</list>
		</property>
		<property name="name" value="metaInfo" />
	</bean>
	<bean id="proposal" parent="dataObjectStructure">
		<property name="fields">
			<list>
				<bean parent="dataFieldDescriptor">
					<property name="name" value="id" />
					<property name="writeAccess" value="NEVER" />
					<property name="onChangeRefreshMetadata" value="false" />
					<property name="dataType" value="STRING" />
					<property name="constraints">
						<list>
							<ref bean="constraint.single" />
							<ref bean="constraint.hidden" />
							<ref bean="constraint.optional" />
							<ref bean="constraint.single" />
							<ref bean="constraint.kuali.id" />
						</list>
					</property>
				</bean>
				<bean parent="dataFieldDescriptor">
					<property name="name" value="proposerPerson" />
					<property name="writeAccess" value="ALWAYS" />
					<property name="onChangeRefreshMetadata" value="false" />
					<property name="dataType" value="STRING" />
					<property name="constraints">
						<list>
							<ref bean="constraint.repeating" />
							<ref bean="constraint.required" />
							<ref bean="constraint.repeating" />
							<ref bean="constraint.related.personId" />
						</list>
					</property>
					<property name="initialLookup">
						<bean parent="lookup">
							<property name="searchTypeId"
								value="person.search.personQuickViewByGivenName" />
							<property name="name" value="All org hierarchies" />
							<property name="desc"
								value="Returns all org hierarchies, name and id" />
							<property name="params">
								<list>
									<bean parent="param">
										<property name="key" value="person.queryParam.personGivenName" />
										<property name="writeAccess" value="ALWAYS" />
										<property name="dataType" value="STRING" />
										<property name="optional" value="false" />
										<property name="name" value="Name Lookup Field" />
										<property name="desc" value="Name of person" />
										<property name="caseSensitive" value="false" />
										<property name="widget" value="SUGGEST_BOX" />
									</bean>
									<bean parent="param">
										<property name="key" value="person.queryParam.personAffiliation" />
										<property name="writeAccess" value="ALWAYS" />
										<property name="dataType" value="STRING" />
										<property name="optional" value="true" />
										<property name="name" value="Affiliatilon Type" />
										<property name="desc"
											value="How the person is affiliated with the school" />
										<property name="caseSensitive" value="true" />
									</bean>
								</list>
							</property>
							<property name="results">
								<list>
									<bean parent="result">
										<property name="dataType" value="STRING" />
										<property name="desc" value="Internal id" />
										<property name="hidden" value="false" />
										<property name="key" value="person.resultColumn.PersonId" />
										<property name="name" value="Internal person id" />
									</bean>
									<bean parent="result">
										<property name="dataType" value="STRING" />
										<property name="desc" value="Internal id" />
										<property name="hidden" value="false" />
										<property name="key" value="person.resultColumn.GivenName" />
										<property name="name" value="Given name of person" />
									</bean>
								</list>
							</property>
							<property name="resultReturnKey" value="person.resultColumn.PersonId" />
							<property name="resultDisplayKey" value="person.resultColumn.GivenName" />
							<property name="resultSortKey" value="person.resultColumn.GivenName" />
							<property name="usage" value="DEFAULT" />
							<property name="id" value="kuali.lookup.people" />
						</bean>
					</property>
				</bean>
				<bean parent="dataFieldDescriptor">
					<property name="name" value="title" />
					<property name="writeAccess" value="ALWAYS" />
					<property name="onChangeRefreshMetadata" value="false" />
					<property name="dataType" value="STRING" />
					<property name="constraints">
						<list>
							<ref bean="constraint.single" />
							<ref bean="constraint.single.line.text" />
							<ref bean="constraint.required" />
							<ref bean="constraint.single" />
						</list>
					</property>
				</bean>
				<bean parent="dataFieldDescriptor">
					<property name="name" value="rationale" />
					<property name="writeAccess" value="ALWAYS" />
					<property name="onChangeRefreshMetadata" value="false" />
					<property name="dataType" value="STRING" />
					<property name="constraints">
						<list>
							<ref bean="constraint.single" />
							<ref bean="constraint.required" />
							<ref bean="constraint.optional" />
							<ref bean="constraint.single" />
							<ref bean="constraint.multi.line.text" />
						</list>
					</property>
				</bean>
				<bean parent="dataFieldDescriptor">
					<property name="name" value="referenceType" />
					<property name="writeAccess" value="ON_CREATE" />
					<property name="onChangeRefreshMetadata" value="false" />
					<property name="dataType" value="STRING" />
					<property name="defaultValue" value="" />
					<property name="constraints">
						<list>
							<ref bean="constraint.single" />
							<ref bean="constraint.hard.coded.referenceType.CLU" />
							<ref bean="constraint.required" />
							<ref bean="constraint.single" />
							<ref bean="constraint.reference.types" />
						</list>
					</property>
				</bean>
				<bean parent="dataFieldDescriptor">
					<property name="name" value="references" />
					<property name="writeAccess" value="ON_CREATE" />
					<property name="onChangeRefreshMetadata" value="false" />
					<property name="dataType" value="STRING" />
					<property name="constraints">
						<list>
							<ref bean="constraint.single" />
							<ref bean="constraint.related.cluId" />
							<ref bean="constraint.related.cluId" />
							<ref bean="constraint.required" />
							<ref bean="constraint.repeating" />
						</list>
					</property>
				</bean>
				<bean parent="dataFieldDescriptor">
					<property name="name" value="metaInfo" />
					<property name="writeAccess" value="NEVER" />
					<property name="onChangeRefreshMetadata" value="false" />
					<property name="dataObjectStructure" ref="metaInfo" />
					<property name="dataType" value="DATA" />
					<property name="constraints">
						<list>
							<ref bean="constraint.single" />
							<ref bean="constraint.optional" />
							<ref bean="constraint.single" />
							<ref bean="constraint.kuali.meta.data" />
						</list>
					</property>
				</bean>
				<bean parent="dataFieldDescriptor">
					<property name="name" value="_runtimeData" />
					<property name="writeAccess" value="NEVER" />
					<property name="onChangeRefreshMetadata" value="false" />
					<property name="dataObjectStructure" ref="_runtimeData" />
					<property name="dataType" value="DATA" />
					<property name="constraints">
						<list>
							<ref bean="constraint.single" />
						</list>
					</property>
				</bean>
			</list>
		</property>
		<property name="name" value="proposal" />
	</bean>
</beans>
		