<beans xmlns="http://www.springframework.org/schema/beans"
       xmlns:xsi="http://www.w3.org/2001/XMLSchema-instance" xmlns:p="http://www.springframework.org/schema/p"
       xsi:schemaLocation="http://www.springframework.org/schema/beans http://www.springframework.org/schema/beans/spring-beans-2.5.xsd">

 <import resource="classpath:common-lookup-context.xml" />
 <bean id="uIlookupConfig-parent" abstract="true"
       class="org.kuali.student.r1.common.assembly.data.UILookupConfig" />

 <bean id="lookupResultMetadata-parent" abstract="true"
       class="org.kuali.student.r1.common.assembly.data.LookupResultMetadata" />
 <bean id="lookupQosMeatadata-parent" abstract="true"
       class="org.kuali.student.r1.common.assembly.data.LookupQosMetadata" />

	<bean id="result" abstract="true"
		class="org.kuali.student.r1.common.assembly.data.LookupResultMetadata" />
 <!-- Field to Lookup Definition Bindings -->

 <bean id="addressInfo.us.state.lookup.config" parent="uIlookupConfig-parent">
  <property name="path" value="addressInfo.province" />
  <property name="type" value="US" />
  <property name="initialLookup" ref="uilookupdata.us.states" />
 </bean>


 <bean id="addressInfo.canadian.province.lookup.config" parent="uIlookupConfig-parent">
  <property name="path" value="addressInfo.province" />
  <property name="type" value="CAN" />
  <property name="initialLookup" ref="uilookupdata.canadian.provinces" />
 </bean>

<bean id="lookup.us.states" parent="commonLookup-parent">
		<property name="searchTypeId" value="enumeration.management.search" />
		<property name="name" value="Get enumerations" />
		<property name="desc" value="Get enumerated lists of values given context" />
		<property name="searchParamIdKey" value="enumeration.queryParam.enumerationCode" />
		<property name="params">
			<list>
				<bean parent="param">
					<property name="key" value="enumeration.queryParam.enumerationType" />
					<property name="writeAccess" value="NEVER" />
					<property name="dataType" value="STRING" />
					<property name="optional" value="true" />
     <!--THIS IS WHAT YOU CHANGE-->
     <!--THIS IS WHAT YOU CHANGE-->
     <!--THIS IS WHAT YOU CHANGE-->
					<property name="defaultValueString" value="kuali.enum.type.us.states" />
					<property name="name" value="Enumeration Type" />
					<property name="desc" value="The type of the enumeration to search" />
					<property name="caseSensitive" value="true" />
				</bean>
				<bean parent="param">
					<property name="key" value="enumeration.queryParam.contextType" />
					<property name="writeAccess" value="NEVER" />
					<property name="dataType" value="STRING" />
					<property name="optional" value="true" />
					<property name="name" value="Context Type" />
					<property name="desc" value="The type of context being used" />
					<property name="caseSensitive" value="true" />
				</bean>
				<bean parent="param">
					<property name="key" value="enumeration.queryParam.contextValue" />
					<property name="writeAccess" value="NEVER" />
					<property name="dataType" value="STRING" />
					<property name="optional" value="true" />
					<property name="name" value="Context Value" />
					<property name="desc" value="The value of the supplied context" />
					<property name="caseSensitive" value="true" />
				</bean>
				<bean parent="param">
					<property name="key" value="enumeration.queryParam.contextDate" />
					<property name="writeAccess" value="NEVER" />
					<property name="dataType" value="DATE" />
					<property name="optional" value="true" />
					<property name="name" value="Context Date" />
					<property name="desc" value="A date supplied as context" />
					<property name="caseSensitive" value="true" />
				</bean>
				<bean parent="param">
					<property name="key" value="enumeration.queryParam.enumerationCode" />
					<property name="dataType" value="STRING" />
					<property name="optional" value="true" />
					<property name="name" value="Context Value" />
					<property name="desc" value="The enumeration code to lookup" />
					<property name="caseSensitive" value="true" />
				</bean>
			</list>
		</property>
		<property name="resultReturnKey" value="enumeration.resultColumn.code" />
		<property name="id" value="kuali.enumeration.search" />
	</bean>

	<bean id="uilookupdata.us.states" class="org.kuali.student.r1.common.assembly.data.UILookupData"
		parent="lookup.us.states">
		<property name="name" value="Get enumerations" />
		<property name="desc" value="Get enumerated lists of values given context" />
		<property name="widget" value="CHECKBOX_LIST" />
		<property name="results">
			<list>
				<bean parent="result">
					<property name="dataType" value="STRING" />
					<property name="desc"
						value="The internal code of the enumeration value" />
					<property name="hidden" value="true" />
					<property name="key" value="enumeration.resultColumn.code" />
					<property name="name" value="Code" />
				</bean>
				<bean parent="result">
					<property name="dataType" value="STRING" />
					<property name="desc" value="The description of the enumeration value" />
					<property name="hidden" value="false" />
					<property name="key" value="enumeration.resultColumn.value" />
					<property name="name" value="Description of the code" />
				</bean>
				<bean parent="result">
					<property name="dataType" value="STRING" />
					<property name="desc" value="An abbreviation of the enumeration value" />
					<property name="hidden" value="false" />
					<property name="key" value="enumeration.resultColumn.abbrevValue" />
					<property name="name" value="Abbreviation of the code" />
				</bean>
				<bean parent="result">
					<property name="dataType" value="TRUNCATED_DATE" />
					<property name="desc" value="The date the enumeration became effective" />
					<property name="hidden" value="false" />
					<property name="key" value="enumeration.resultColumn.effectiveDate" />
					<property name="name" value="Effective date" />
				</bean>
				<bean parent="result">
					<property name="dataType" value="TRUNCATED_DATE" />
					<property name="desc"
						value="The date the enumeration became non-effective" />
					<property name="hidden" value="false" />
					<property name="key" value="enumeration.resultColumn.expirationDate" />
					<property name="name" value="Expiration date" />
				</bean>
				<bean parent="result">
					<property name="dataType" value="STRING" />
					<property name="desc" value="The description of the type" />
					<property name="hidden" value="false" />
					<property name="key" value="enumeration.resultColumn.sortKey" />
					<property name="name" value="Key used to sort the results" />
				</bean>
			</list>
		</property>
		<property name="resultDisplayKey" value="enumeration.resultColumn.value" />
		<property name="resultSortKey" value="enumeration.resultColumn.sortKey" />
		<property name="usage" value="DEFAULT" />
		<property name="id" value="uilookupdata.us.states" />
	</bean>

 <bean id="lookup.canadian.provinces" parent="commonLookup-parent">
  <property name="searchTypeId" value="enumeration.management.search" />
  <property name="name" value="Get enumerations" />
  <property name="desc" value="Get enumerated lists of values given context" />
  <property name="searchParamIdKey" value="enumeration.queryParam.enumerationCode" />
  <property name="params">
   <list>
    <bean parent="param">
     <property name="key" value="enumeration.queryParam.enumerationType" />
     <property name="writeAccess" value="NEVER" />
     <property name="dataType" value="STRING" />
     <property name="optional" value="true" />
      <!--THIS IS WHAT YOU CHANGE-->
     <!--THIS IS WHAT YOU CHANGE-->
     <!--THIS IS WHAT YOU CHANGE-->
     <property name="defaultValueString" value="kuali.enum.type.canadian.provinces" />
     <property name="name" value="Enumeration Type" />
     <property name="desc" value="The type of the enumeration to search" />
     <property name="caseSensitive" value="true" />
    </bean>
    <bean parent="param">
     <property name="key" value="enumeration.queryParam.contextType" />
     <property name="writeAccess" value="NEVER" />
     <property name="dataType" value="STRING" />
     <property name="optional" value="true" />
     <property name="name" value="Context Type" />
     <property name="desc" value="The type of context being used" />
     <property name="caseSensitive" value="true" />
    </bean>
    <bean parent="param">
     <property name="key" value="enumeration.queryParam.contextValue" />
     <property name="writeAccess" value="NEVER" />
     <property name="dataType" value="STRING" />
     <property name="optional" value="true" />
     <property name="name" value="Context Value" />
     <property name="desc" value="The value of the supplied context" />
     <property name="caseSensitive" value="true" />
    </bean>
    <bean parent="param">
     <property name="key" value="enumeration.queryParam.contextDate" />
     <property name="writeAccess" value="NEVER" />
     <property name="dataType" value="DATE" />
     <property name="optional" value="true" />
     <property name="name" value="Context Date" />
     <property name="desc" value="A date supplied as context" />
     <property name="caseSensitive" value="true" />
    </bean>
    <bean parent="param">
     <property name="key" value="enumeration.queryParam.enumerationCode" />
     <property name="dataType" value="STRING" />
     <property name="fieldPath" value="campusLocations"/>
     <property name="optional" value="true" />
     <property name="name" value="Context Value" />
     <property name="desc" value="The enumeration code to lookup" />
     <property name="caseSensitive" value="true" />
    </bean>
   </list>
  </property>
  <property name="resultReturnKey" value="enumeration.resultColumn.code" />
  <property name="id" value="kuali.common.lookup.campusLocations" />
 </bean>

<bean id="uilookupdata.canadian.provinces" class="org.kuali.student.r1.common.assembly.data.UILookupData"
		parent="lookup.canadian.provinces">
		<property name="name" value="Get enumerations" />
		<property name="desc" value="Get enumerated lists of values given context" />
		<property name="widget" value="CHECKBOX_LIST" />
		<property name="results">
			<list>
				<bean parent="result">
					<property name="dataType" value="STRING" />
					<property name="desc"
						value="The internal code of the enumeration value" />
					<property name="hidden" value="true" />
					<property name="key" value="enumeration.resultColumn.code" />
					<property name="name" value="Code" />
				</bean>
				<bean parent="result">
					<property name="dataType" value="STRING" />
					<property name="desc" value="The description of the enumeration value" />
					<property name="hidden" value="false" />
					<property name="key" value="enumeration.resultColumn.value" />
					<property name="name" value="Description of the code" />
				</bean>
				<bean parent="result">
					<property name="dataType" value="STRING" />
					<property name="desc" value="An abbreviation of the enumeration value" />
					<property name="hidden" value="false" />
					<property name="key" value="enumeration.resultColumn.abbrevValue" />
					<property name="name" value="Abbreviation of the code" />
				</bean>
				<bean parent="result">
					<property name="dataType" value="TRUNCATED_DATE" />
					<property name="desc" value="The date the enumeration became effective" />
					<property name="hidden" value="false" />
					<property name="key" value="enumeration.resultColumn.effectiveDate" />
					<property name="name" value="Effective date" />
				</bean>
				<bean parent="result">
					<property name="dataType" value="TRUNCATED_DATE" />
					<property name="desc"
						value="The date the enumeration became non-effective" />
					<property name="hidden" value="false" />
					<property name="key" value="enumeration.resultColumn.expirationDate" />
					<property name="name" value="Expiration date" />
				</bean>
				<bean parent="result">
					<property name="dataType" value="STRING" />
					<property name="desc" value="The description of the type" />
					<property name="hidden" value="false" />
					<property name="key" value="enumeration.resultColumn.sortKey" />
					<property name="name" value="Key used to sort the results" />
				</bean>
			</list>
		</property>
		<property name="resultDisplayKey" value="enumeration.resultColumn.value" />
		<property name="resultSortKey" value="enumeration.resultColumn.sortKey" />
		<property name="usage" value="DEFAULT" />
		<property name="id" value="uilookupdata.canadian.provinces" />
	</bean>

</beans>
